
a.out:	file format Mach-O 64-bit x86-64


Disassembly of section __TEXT,__text:

0000000100001270 test3():
100001270: 55                          	pushq	%rbp
100001271: 48 89 e5                    	movq	%rsp, %rbp
100001274: 48 83 ec 10                 	subq	$16, %rsp
100001278: 48 b8 02 00 00 00 01 00 00 00       	movabsq	$4294967298, %rax
100001282: 48 89 45 f0                 	movq	%rax, -16(%rbp)
100001286: c7 45 fc 02 00 00 00        	movl	$2, -4(%rbp)
10000128d: 48 8d 7d f0                 	leaq	-16(%rbp), %rdi
100001291: 48 8d 75 fc                 	leaq	-4(%rbp), %rsi
100001295: e8 16 00 00 00              	callq	22 <__Z9testMatchI1AiZ5test3vE3$_0EvRKT_RKT0_T1_>
10000129a: 31 c0                       	xorl	%eax, %eax
10000129c: 48 83 c4 10                 	addq	$16, %rsp
1000012a0: 5d                          	popq	%rbp
1000012a1: c3                          	retq
1000012a2: 66 2e 0f 1f 84 00 00 00 00 00       	nopw	%cs:(%rax,%rax)
1000012ac: 0f 1f 40 00                 	nopl	(%rax)

00000001000012b0 void testMatch<A, int, test3()::$_0>(A const&, int const&, test3()::$_0):
1000012b0: 55                          	pushq	%rbp
1000012b1: 48 89 e5                    	movq	%rsp, %rbp
1000012b4: 53                          	pushq	%rbx
1000012b5: 50                          	pushq	%rax
1000012b6: 48 89 f3                    	movq	%rsi, %rbx
1000012b9: e8 32 00 00 00              	callq	50 <__ZZ5test3vENK3$_0clERK1A>
1000012be: 3b 03                       	cmpl	(%rbx), %eax
1000012c0: 48 8d 05 3f 0c 00 00        	leaq	3135(%rip), %rax
1000012c7: 48 8d 3d 30 0c 00 00        	leaq	3120(%rip), %rdi
1000012ce: 48 0f 44 f8                 	cmoveq	%rax, %rdi
1000012d2: 48 83 c4 08                 	addq	$8, %rsp
1000012d6: 5b                          	popq	%rbx
1000012d7: 5d                          	popq	%rbp
1000012d8: e9 bd 0b 00 00              	jmp	3005 <dyld_stub_binder+0x100001e9a>
1000012dd: 0f 1f 00                    	nopl	(%rax)

00000001000012e0 _main:
1000012e0: 55                          	pushq	%rbp
1000012e1: 48 89 e5                    	movq	%rsp, %rbp
1000012e4: e8 87 ff ff ff              	callq	-121 <__Z5test3v>
1000012e9: 31 c0                       	xorl	%eax, %eax
1000012eb: 5d                          	popq	%rbp
1000012ec: c3                          	retq
1000012ed: 0f 1f 00                    	nopl	(%rax)

00000001000012f0 test3()::$_0::operator()(A const&) const:
1000012f0: 55                          	pushq	%rbp
1000012f1: 48 89 e5                    	movq	%rsp, %rbp
1000012f4: 41 56                       	pushq	%r14
1000012f6: 53                          	pushq	%rbx
1000012f7: 48 83 ec 70                 	subq	$112, %rsp
1000012fb: 48 89 fb                    	movq	%rdi, %rbx
1000012fe: 4c 8d 75 88                 	leaq	-120(%rbp), %r14
100001302: 4c 89 f7                    	movq	%r14, %rdi
100001305: e8 96 00 00 00              	callq	150 <__ZN2IdIiEC1Ev>
10000130a: 48 8d 7d 90                 	leaq	-112(%rbp), %rdi
10000130e: e8 8d 00 00 00              	callq	141 <__ZN2IdIiEC1Ev>
100001313: 48 89 df                    	movq	%rbx, %rdi
100001316: e8 95 00 00 00              	callq	149 <__Z5matchI1AE11MatchHelperIT_ERKS2_>
10000131b: 48 89 45 c8                 	movq	%rax, -56(%rbp)
10000131f: 4c 89 75 d0                 	movq	%r14, -48(%rbp)
100001323: 4c 89 f7                    	movq	%r14, %rdi
100001326: e8 15 01 00 00              	callq	277 <__ZZZ5test3vENK3$_0clERK1AENKUlR2IdIiEE_clES5_>
10000132b: 48 89 45 a8                 	movq	%rax, -88(%rbp)
10000132f: 48 89 55 b0                 	movq	%rdx, -80(%rbp)
100001333: 48 8d 7d a8                 	leaq	-88(%rbp), %rdi
100001337: e8 e4 00 00 00              	callq	228 <__Z7patternI3AndIJ3AppIM1Ai2IdIiEES1_IS3_iEEEE13PatternHelperIT_ERKSA_>
10000133c: 48 89 45 d8                 	movq	%rax, -40(%rbp)
100001340: 48 8d 7d d8                 	leaq	-40(%rbp), %rdi
100001344: 48 8d 75 d0                 	leaq	-48(%rbp), %rsi
100001348: e8 53 01 00 00              	callq	339 <__ZN13PatternHelperI3AndIJ3AppIM1Ai2IdIiEES1_IS3_iEEEEaSIZZ5test3vENK3$_0clERKS2_EUlOT_E_EEDaRKSE_>
10000134d: 48 89 45 98                 	movq	%rax, -104(%rbp)
100001351: 48 89 55 a0                 	movq	%rdx, -96(%rbp)
100001355: 48 8d 3d 68 0b 00 00        	leaq	2920(%rip), %rdi
10000135c: e8 6f 01 00 00              	callq	367 <__Z7patternI8WildCardE13PatternHelperIT_ERKS2_>
100001361: 48 89 45 e0                 	movq	%rax, -32(%rbp)
100001365: 48 8d 7d e0                 	leaq	-32(%rbp), %rdi
100001369: 48 8d 75 e8                 	leaq	-24(%rbp), %rsi
10000136d: e8 7e 01 00 00              	callq	382 <__ZN13PatternHelperI8WildCardEaSIZZ5test3vENK3$_0clERK1AEUlOT_E0_EEDaRKS7_>
100001372: 48 89 45 b8                 	movq	%rax, -72(%rbp)
100001376: 48 89 55 c0                 	movq	%rdx, -64(%rbp)
10000137a: 48 8d 7d c8                 	leaq	-56(%rbp), %rdi
10000137e: 48 8d 75 98                 	leaq	-104(%rbp), %rsi
100001382: 48 8d 55 b8                 	leaq	-72(%rbp), %rdx
100001386: e8 45 00 00 00              	callq	69 <__ZN11MatchHelperI1AEclIJ11PatternPairI3AndIJ3AppIMS0_i2IdIiEES5_IS6_iEEEZZ5test3vENK3$_0clERKS0_EUlOT_E_ES3_I8WildCardZZ5test3vENKSC_clESE_EUlSG_E0_EEEEDaDpRKT_>
10000138b: 48 83 c4 70                 	addq	$112, %rsp
10000138f: 5b                          	popq	%rbx
100001390: 41 5e                       	popq	%r14
100001392: 5d                          	popq	%rbp
100001393: c3                          	retq
100001394: 66 2e 0f 1f 84 00 00 00 00 00       	nopw	%cs:(%rax,%rax)
10000139e: 66 90                       	nop

00000001000013a0 Id<int>::Id():
1000013a0: 55                          	pushq	%rbp
1000013a1: 48 89 e5                    	movq	%rsp, %rbp
1000013a4: 5d                          	popq	%rbp
1000013a5: e9 76 01 00 00              	jmp	374 <__ZN2IdIiEC2Ev>
1000013aa: 66 0f 1f 44 00 00           	nopw	(%rax,%rax)

00000001000013b0 MatchHelper<A> match<A>(A const&):
1000013b0: 55                          	pushq	%rbp
1000013b1: 48 89 e5                    	movq	%rsp, %rbp
1000013b4: 48 83 ec 10                 	subq	$16, %rsp
1000013b8: 48 89 fe                    	movq	%rdi, %rsi
1000013bb: 48 8d 7d f8                 	leaq	-8(%rbp), %rdi
1000013bf: e8 6c 01 00 00              	callq	364 <__ZN11MatchHelperI1AEC1ERKS0_>
1000013c4: 48 8b 45 f8                 	movq	-8(%rbp), %rax
1000013c8: 48 83 c4 10                 	addq	$16, %rsp
1000013cc: 5d                          	popq	%rbp
1000013cd: c3                          	retq
1000013ce: 66 90                       	nop

00000001000013d0 auto MatchHelper<A>::operator()<PatternPair<And<App<int A::*, Id<int> >, App<int A::*, int> >, test3()::$_0::operator()(A const&) const::'lambda'(auto&&)>, PatternPair<WildCard, test3()::$_0::operator()(A const&) const::'lambda0'(auto&&)> >(PatternPair<And<App<int A::*, Id<int> >, App<int A::*, int> >, test3()::$_0::operator()(A const&) const::'lambda'(auto&&)> const&, PatternPair<WildCard, test3()::$_0::operator()(A const&) const::'lambda0'(auto&&)> const&):
1000013d0: 55                          	pushq	%rbp
1000013d1: 48 89 e5                    	movq	%rsp, %rbp
1000013d4: 53                          	pushq	%rbx
1000013d5: 48 83 ec 18                 	subq	$24, %rsp
1000013d9: 48 89 d3                    	movq	%rdx, %rbx
1000013dc: c7 45 f4 00 00 00 00        	movl	$0, -12(%rbp)
1000013e3: 48 89 7d e0                 	movq	%rdi, -32(%rbp)
1000013e7: 48 8d 45 f4                 	leaq	-12(%rbp), %rax
1000013eb: 48 89 45 e8                 	movq	%rax, -24(%rbp)
1000013ef: 48 8d 7d e0                 	leaq	-32(%rbp), %rdi
1000013f3: e8 58 01 00 00              	callq	344 <__ZZN11MatchHelperI1AEclIJ11PatternPairI3AndIJ3AppIMS0_i2IdIiEES5_IS6_iEEEZZ5test3vENK3$_0clERKS0_EUlOT_E_ES3_I8WildCardZZ5test3vENKSC_clESE_EUlSG_E0_EEEEDaDpRKT_ENKUlTyRKSF_E_clISI_EEbSS_>
1000013f8: 84 c0                       	testb	%al, %al
1000013fa: 75 10                       	jne	16 <__ZN11MatchHelperI1AEclIJ11PatternPairI3AndIJ3AppIMS0_i2IdIiEES5_IS6_iEEEZZ5test3vENK3$_0clERKS0_EUlOT_E_ES3_I8WildCardZZ5test3vENKSC_clESE_EUlSG_E0_EEEEDaDpRKT_+0x3c>
1000013fc: 48 8d 7d e0                 	leaq	-32(%rbp), %rdi
100001400: 48 89 de                    	movq	%rbx, %rsi
100001403: e8 88 01 00 00              	callq	392 <__ZZN11MatchHelperI1AEclIJ11PatternPairI3AndIJ3AppIMS0_i2IdIiEES5_IS6_iEEEZZ5test3vENK3$_0clERKS0_EUlOT_E_ES3_I8WildCardZZ5test3vENKSC_clESE_EUlSG_E0_EEEEDaDpRKT_ENKUlTyRKSF_E_clISL_EEbSS_>
100001408: 84 c0                       	testb	%al, %al
10000140a: 74 0a                       	je	10 <__ZN11MatchHelperI1AEclIJ11PatternPairI3AndIJ3AppIMS0_i2IdIiEES5_IS6_iEEEZZ5test3vENK3$_0clERKS0_EUlOT_E_ES3_I8WildCardZZ5test3vENKSC_clESE_EUlSG_E0_EEEEDaDpRKT_+0x46>
10000140c: 8b 45 f4                    	movl	-12(%rbp), %eax
10000140f: 48 83 c4 18                 	addq	$24, %rsp
100001413: 5b                          	popq	%rbx
100001414: 5d                          	popq	%rbp
100001415: c3                          	retq
100001416: e8 25 0a 00 00              	callq	2597 <__ZN11MatchHelperI1AEclIJ11PatternPairI3AndIJ3AppIMS0_i2IdIiEES5_IS6_iEEEZZ5test3vENK3$_0clERKS0_EUlOT_E_ES3_I8WildCardZZ5test3vENKSC_clESE_EUlSG_E0_EEEEDaDpRKT_.cold.1>
10000141b: 0f 1f 44 00 00              	nopl	(%rax,%rax)

0000000100001420 PatternHelper<And<App<int A::*, Id<int> >, App<int A::*, int> > > pattern<And<App<int A::*, Id<int> >, App<int A::*, int> > >(And<App<int A::*, Id<int> >, App<int A::*, int> > const&):
100001420: 55                          	pushq	%rbp
100001421: 48 89 e5                    	movq	%rsp, %rbp
100001424: 48 83 ec 10                 	subq	$16, %rsp
100001428: 48 89 fe                    	movq	%rdi, %rsi
10000142b: 48 8d 7d f8                 	leaq	-8(%rbp), %rdi
10000142f: e8 ec 07 00 00              	callq	2028 <__ZN13PatternHelperI3AndIJ3AppIM1Ai2IdIiEES1_IS3_iEEEEC1ERKS8_>
100001434: 48 8b 45 f8                 	movq	-8(%rbp), %rax
100001438: 48 83 c4 10                 	addq	$16, %rsp
10000143c: 5d                          	popq	%rbp
10000143d: c3                          	retq
10000143e: 66 90                       	nop

0000000100001440 test3()::$_0::operator()(A const&) const::'lambda'(Id<int>&)::operator()(Id<int>&) const:
100001440: 55                          	pushq	%rbp
100001441: 48 89 e5                    	movq	%rsp, %rbp
100001444: 48 83 ec 40                 	subq	$64, %rsp
100001448: 48 89 fe                    	movq	%rdi, %rsi
10000144b: 48 c7 45 e8 00 00 00 00     	movq	$0, -24(%rbp)
100001453: 48 8d 7d e8                 	leaq	-24(%rbp), %rdi
100001457: e8 14 08 00 00              	callq	2068 <__Z3appIM1Ai2IdIiEEDaRKT_RKT0_>
10000145c: 48 89 45 c8                 	movq	%rax, -56(%rbp)
100001460: 48 89 55 d0                 	movq	%rdx, -48(%rbp)
100001464: 48 c7 45 f0 04 00 00 00     	movq	$4, -16(%rbp)
10000146c: c7 45 fc 01 00 00 00        	movl	$1, -4(%rbp)
100001473: 48 8d 7d f0                 	leaq	-16(%rbp), %rdi
100001477: 48 8d 75 fc                 	leaq	-4(%rbp), %rsi
10000147b: e8 20 08 00 00              	callq	2080 <__Z3appIM1AiiEDaRKT_RKT0_>
100001480: 48 89 45 d8                 	movq	%rax, -40(%rbp)
100001484: 48 89 55 e0                 	movq	%rdx, -32(%rbp)
100001488: 48 8d 7d c8                 	leaq	-56(%rbp), %rdi
10000148c: 48 8d 75 d8                 	leaq	-40(%rbp), %rsi
100001490: e8 ab 07 00 00              	callq	1963 <__Z4and_IJ3AppIM1Ai2IdIiEES0_IS2_iEEEDaDpRKT_>
100001495: 48 83 c4 40                 	addq	$64, %rsp
100001499: 5d                          	popq	%rbp
10000149a: c3                          	retq
10000149b: 0f 1f 44 00 00              	nopl	(%rax,%rax)

00000001000014a0 auto PatternHelper<And<App<int A::*, Id<int> >, App<int A::*, int> > >::operator=<test3()::$_0::operator()(A const&) const::'lambda'(auto&&)>(auto const&):
1000014a0: 55                          	pushq	%rbp
1000014a1: 48 89 e5                    	movq	%rsp, %rbp
1000014a4: 48 83 ec 10                 	subq	$16, %rsp
1000014a8: 48 89 f2                    	movq	%rsi, %rdx
1000014ab: 48 8b 37                    	movq	(%rdi), %rsi
1000014ae: 48 8d 7d f0                 	leaq	-16(%rbp), %rdi
1000014b2: e8 29 09 00 00              	callq	2345 <__ZN11PatternPairI3AndIJ3AppIM1Ai2IdIiEES1_IS3_iEEEZZ5test3vENK3$_0clERKS2_EUlOT_E_EC1ERKS8_RKSE_>
1000014b7: 48 8b 45 f0                 	movq	-16(%rbp), %rax
1000014bb: 48 8b 55 f8                 	movq	-8(%rbp), %rdx
1000014bf: 48 83 c4 10                 	addq	$16, %rsp
1000014c3: 5d                          	popq	%rbp
1000014c4: c3                          	retq
1000014c5: 66 2e 0f 1f 84 00 00 00 00 00       	nopw	%cs:(%rax,%rax)
1000014cf: 90                          	nop

00000001000014d0 PatternHelper<WildCard> pattern<WildCard>(WildCard const&):
1000014d0: 55                          	pushq	%rbp
1000014d1: 48 89 e5                    	movq	%rsp, %rbp
1000014d4: 48 83 ec 10                 	subq	$16, %rsp
1000014d8: 48 89 fe                    	movq	%rdi, %rsi
1000014db: 48 8d 7d f8                 	leaq	-8(%rbp), %rdi
1000014df: e8 1c 09 00 00              	callq	2332 <__ZN13PatternHelperI8WildCardEC1ERKS0_>
1000014e4: 48 8b 45 f8                 	movq	-8(%rbp), %rax
1000014e8: 48 83 c4 10                 	addq	$16, %rsp
1000014ec: 5d                          	popq	%rbp
1000014ed: c3                          	retq
1000014ee: 66 90                       	nop

00000001000014f0 auto PatternHelper<WildCard>::operator=<test3()::$_0::operator()(A const&) const::'lambda0'(auto&&)>(auto const&):
1000014f0: 55                          	pushq	%rbp
1000014f1: 48 89 e5                    	movq	%rsp, %rbp
1000014f4: 48 83 ec 10                 	subq	$16, %rsp
1000014f8: 48 89 f2                    	movq	%rsi, %rdx
1000014fb: 48 8b 37                    	movq	(%rdi), %rsi
1000014fe: 48 8d 7d f0                 	leaq	-16(%rbp), %rdi
100001502: e8 19 09 00 00              	callq	2329 <__ZN11PatternPairI8WildCardZZ5test3vENK3$_0clERK1AEUlOT_E0_EC1ERKS0_RKS7_>
100001507: 48 8b 45 f0                 	movq	-16(%rbp), %rax
10000150b: 48 8b 55 f8                 	movq	-8(%rbp), %rdx
10000150f: 48 83 c4 10                 	addq	$16, %rsp
100001513: 5d                          	popq	%rbp
100001514: c3                          	retq
100001515: 66 2e 0f 1f 84 00 00 00 00 00       	nopw	%cs:(%rax,%rax)
10000151f: 90                          	nop

0000000100001520 Id<int>::Id():
100001520: 55                          	pushq	%rbp
100001521: 48 89 e5                    	movq	%rsp, %rbp
100001524: c6 47 04 00                 	movb	$0, 4(%rdi)
100001528: 5d                          	popq	%rbp
100001529: c3                          	retq
10000152a: 66 0f 1f 44 00 00           	nopw	(%rax,%rax)

0000000100001530 MatchHelper<A>::MatchHelper(A const&):
100001530: 55                          	pushq	%rbp
100001531: 48 89 e5                    	movq	%rsp, %rbp
100001534: 5d                          	popq	%rbp
100001535: e9 06 00 00 00              	jmp	6 <__ZN11MatchHelperI1AEC2ERKS0_>
10000153a: 66 0f 1f 44 00 00           	nopw	(%rax,%rax)

0000000100001540 MatchHelper<A>::MatchHelper(A const&):
100001540: 55                          	pushq	%rbp
100001541: 48 89 e5                    	movq	%rsp, %rbp
100001544: 48 89 37                    	movq	%rsi, (%rdi)
100001547: 5d                          	popq	%rbp
100001548: c3                          	retq
100001549: 0f 1f 80 00 00 00 00        	nopl	(%rax)

0000000100001550 __ZZN11MatchHelperI1AEclIJ11PatternPairI3AndIJ3AppIMS0_i2IdIiEES5_IS6_iEEEZZ5test3vENK3$_0clERKS0_EUlOT_E_ES3_I8WildCardZZ5test3vENKSC_clESE_EUlSG_E0_EEEEDaDpRKT_ENKUlTyRKSF_E_clISI_EEbSS_:
100001550: 55                          	pushq	%rbp
100001551: 48 89 e5                    	movq	%rsp, %rbp
100001554: 41 56                       	pushq	%r14
100001556: 53                          	pushq	%rbx
100001557: 48 89 f3                    	movq	%rsi, %rbx
10000155a: 49 89 fe                    	movq	%rdi, %r14
10000155d: 48 8b 07                    	movq	(%rdi), %rax
100001560: 48 8b 30                    	movq	(%rax), %rsi
100001563: 48 89 df                    	movq	%rbx, %rdi
100001566: e8 65 00 00 00              	callq	101 <__ZNK11PatternPairI3AndIJ3AppIM1Ai2IdIiEES1_IS3_iEEEZZ5test3vENK3$_0clERKS2_EUlOT_E_E5matchIS2_EEbRKSC_>
10000156b: 84 c0                       	testb	%al, %al
10000156d: 74 12                       	je	18 <__ZZN11MatchHelperI1AEclIJ11PatternPairI3AndIJ3AppIMS0_i2IdIiEES5_IS6_iEEEZZ5test3vENK3$_0clERKS0_EUlOT_E_ES3_I8WildCardZZ5test3vENKSC_clESE_EUlSG_E0_EEEEDaDpRKT_ENKUlTyRKSF_E_clISI_EEbSS_+0x31>
10000156f: 48 89 df                    	movq	%rbx, %rdi
100001572: e8 89 00 00 00              	callq	137 <__ZNK11PatternPairI3AndIJ3AppIM1Ai2IdIiEES1_IS3_iEEEZZ5test3vENK3$_0clERKS2_EUlOT_E_E7executeIS2_EEDaRKSC_>
100001577: 49 8b 4e 08                 	movq	8(%r14), %rcx
10000157b: 89 01                       	movl	%eax, (%rcx)
10000157d: b0 01                       	movb	$1, %al
10000157f: eb 02                       	jmp	2 <__ZZN11MatchHelperI1AEclIJ11PatternPairI3AndIJ3AppIMS0_i2IdIiEES5_IS6_iEEEZZ5test3vENK3$_0clERKS0_EUlOT_E_ES3_I8WildCardZZ5test3vENKSC_clESE_EUlSG_E0_EEEEDaDpRKT_ENKUlTyRKSF_E_clISI_EEbSS_+0x33>
100001581: 31 c0                       	xorl	%eax, %eax
100001583: 5b                          	popq	%rbx
100001584: 41 5e                       	popq	%r14
100001586: 5d                          	popq	%rbp
100001587: c3                          	retq
100001588: 0f 1f 84 00 00 00 00 00     	nopl	(%rax,%rax)

0000000100001590 __ZZN11MatchHelperI1AEclIJ11PatternPairI3AndIJ3AppIMS0_i2IdIiEES5_IS6_iEEEZZ5test3vENK3$_0clERKS0_EUlOT_E_ES3_I8WildCardZZ5test3vENKSC_clESE_EUlSG_E0_EEEEDaDpRKT_ENKUlTyRKSF_E_clISL_EEbSS_:
100001590: 55                          	pushq	%rbp
100001591: 48 89 e5                    	movq	%rsp, %rbp
100001594: 53                          	pushq	%rbx
100001595: 50                          	pushq	%rax
100001596: 48 89 f0                    	movq	%rsi, %rax
100001599: 48 89 fb                    	movq	%rdi, %rbx
10000159c: 48 8b 0f                    	movq	(%rdi), %rcx
10000159f: 48 8b 31                    	movq	(%rcx), %rsi
1000015a2: 48 89 c7                    	movq	%rax, %rdi
1000015a5: e8 06 06 00 00              	callq	1542 <__ZNK11PatternPairI8WildCardZZ5test3vENK3$_0clERK1AEUlOT_E0_E5matchIS2_EEbRKS5_>
1000015aa: 84 c0                       	testb	%al, %al
1000015ac: 74 0e                       	je	14 <__ZZN11MatchHelperI1AEclIJ11PatternPairI3AndIJ3AppIMS0_i2IdIiEES5_IS6_iEEEZZ5test3vENK3$_0clERKS0_EUlOT_E_ES3_I8WildCardZZ5test3vENKSC_clESE_EUlSG_E0_EEEEDaDpRKT_ENKUlTyRKSF_E_clISL_EEbSS_+0x2c>
1000015ae: 48 8b 43 08                 	movq	8(%rbx), %rax
1000015b2: c7 00 ff ff ff ff           	movl	$4294967295, (%rax)
1000015b8: b0 01                       	movb	$1, %al
1000015ba: eb 02                       	jmp	2 <__ZZN11MatchHelperI1AEclIJ11PatternPairI3AndIJ3AppIMS0_i2IdIiEES5_IS6_iEEEZZ5test3vENK3$_0clERKS0_EUlOT_E_ES3_I8WildCardZZ5test3vENKSC_clESE_EUlSG_E0_EEEEDaDpRKT_ENKUlTyRKSF_E_clISL_EEbSS_+0x2e>
1000015bc: 31 c0                       	xorl	%eax, %eax
1000015be: 48 83 c4 08                 	addq	$8, %rsp
1000015c2: 5b                          	popq	%rbx
1000015c3: 5d                          	popq	%rbp
1000015c4: c3                          	retq
1000015c5: 66 2e 0f 1f 84 00 00 00 00 00       	nopw	%cs:(%rax,%rax)
1000015cf: 90                          	nop

00000001000015d0 bool PatternPair<And<App<int A::*, Id<int> >, App<int A::*, int> >, test3()::$_0::operator()(A const&) const::'lambda'(auto&&)>::match<A>(auto const&) const:
1000015d0: 55                          	pushq	%rbp
1000015d1: 48 89 e5                    	movq	%rsp, %rbp
1000015d4: 41 56                       	pushq	%r14
1000015d6: 53                          	pushq	%rbx
1000015d7: 49 89 f6                    	movq	%rsi, %r14
1000015da: 48 89 fb                    	movq	%rdi, %rbx
1000015dd: 48 8b 3f                    	movq	(%rdi), %rdi
1000015e0: e8 2b 00 00 00              	callq	43 <__Z7resetIdI3AndIJ3AppIM1Ai2IdIiEES1_IS3_iEEEEvRKT_>
1000015e5: 48 8b 3b                    	movq	(%rbx), %rdi
1000015e8: 4c 89 f6                    	movq	%r14, %rsi
1000015eb: 5b                          	popq	%rbx
1000015ec: 41 5e                       	popq	%r14
1000015ee: 5d                          	popq	%rbp
1000015ef: e9 2c 00 00 00              	jmp	44 <__Z5matchI3AndIJ3AppIM1Ai2IdIiEES1_IS3_iEEES2_EbRKT_RKT0_>
1000015f4: 66 2e 0f 1f 84 00 00 00 00 00       	nopw	%cs:(%rax,%rax)
1000015fe: 66 90                       	nop

0000000100001600 auto PatternPair<And<App<int A::*, Id<int> >, App<int A::*, int> >, test3()::$_0::operator()(A const&) const::'lambda'(auto&&)>::execute<A>(auto const&) const:
100001600: 55                          	pushq	%rbp
100001601: 48 89 e5                    	movq	%rsp, %rbp
100001604: 48 8b 7f 08                 	movq	8(%rdi), %rdi
100001608: 5d                          	popq	%rbp
100001609: e9 72 05 00 00              	jmp	1394 <__ZZZ5test3vENK3$_0clERK1AENKUlOT_E_clIS2_EEDaS4_>
10000160e: 66 90                       	nop

0000000100001610 void resetId<And<App<int A::*, Id<int> >, App<int A::*, int> > >(And<App<int A::*, Id<int> >, App<int A::*, int> > const&):
100001610: 55                          	pushq	%rbp
100001611: 48 89 e5                    	movq	%rsp, %rbp
100001614: 5d                          	popq	%rbp
100001615: e9 16 00 00 00              	jmp	22 <__ZN13PatternTraitsI3AndIJ3AppIM1Ai2IdIiEES1_IS3_iEEEE7resetIdERKS8_>
10000161a: 66 0f 1f 44 00 00           	nopw	(%rax,%rax)

0000000100001620 bool match<And<App<int A::*, Id<int> >, App<int A::*, int> >, A>(And<App<int A::*, Id<int> >, App<int A::*, int> > const&, A const&):
100001620: 55                          	pushq	%rbp
100001621: 48 89 e5                    	movq	%rsp, %rbp
100001624: 5d                          	popq	%rbp
100001625: e9 76 02 00 00              	jmp	630 <__ZN13PatternTraitsI3AndIJ3AppIM1Ai2IdIiEES1_IS3_iEEEE5matchIS2_EEbRKS8_RKT_>
10000162a: 66 0f 1f 44 00 00           	nopw	(%rax,%rax)

0000000100001630 PatternTraits<And<App<int A::*, Id<int> >, App<int A::*, int> > >::resetId(And<App<int A::*, Id<int> >, App<int A::*, int> > const&):
100001630: 55                          	pushq	%rbp
100001631: 48 89 e5                    	movq	%rsp, %rbp
100001634: 48 83 ec 10                 	subq	$16, %rsp
100001638: e8 43 00 00 00              	callq	67 <__ZNK3AndIJ3AppIM1Ai2IdIiEES0_IS2_iEEE8patternsEv>
10000163d: 48 8d 7d f8                 	leaq	-8(%rbp), %rdi
100001641: 48 89 c6                    	movq	%rax, %rsi
100001644: e8 07 00 00 00              	callq	7 <__ZNSt3__1L5applyIZN13PatternTraitsI3AndIJ3AppIM1Ai2IdIiEES3_IS5_iEEEE7resetIdERKSA_EUlRKS8_RKS9_E_RKNS_5tupleIJSF_SH_EEEEEDcOT_OT0_>
100001649: 48 83 c4 10                 	addq	$16, %rsp
10000164d: 5d                          	popq	%rbp
10000164e: c3                          	retq
10000164f: 90                          	nop

0000000100001650 decltype(auto) std::__1::apply<PatternTraits<And<App<int A::*, Id<int> >, App<int A::*, int> > >::resetId(And<App<int A::*, Id<int> >, App<int A::*, int> > const&)::'lambda'(App<int A::*, Id<int> > const&, App<int A::*, int> const&), std::__1::tuple<App<int A::*, Id<int> > const&, App<int A::*, int> const&> const&>(PatternTraits<And<App<int A::*, Id<int> >, App<int A::*, int> > >::resetId(And<App<int A::*, Id<int> >, App<int A::*, int> > const&)::'lambda'(App<int A::*, Id<int> > const&, App<int A::*, int> const&)&&, std::__1::tuple<App<int A::*, Id<int> > const&, App<int A::*, int> const&> const&):
100001650: 55                          	pushq	%rbp
100001651: 48 89 e5                    	movq	%rsp, %rbp
100001654: 41 56                       	pushq	%r14
100001656: 53                          	pushq	%rbx
100001657: 49 89 f6                    	movq	%rsi, %r14
10000165a: e8 81 00 00 00              	callq	129 <__ZNSt3__1L7forwardIZN13PatternTraitsI3AndIJ3AppIM1Ai2IdIiEES3_IS5_iEEEE7resetIdERKSA_EUlRKS8_RKS9_E_EEOT_RNS_16remove_referenceISJ_E4typeE>
10000165f: 48 89 c3                    	movq	%rax, %rbx
100001662: 4c 89 f7                    	movq	%r14, %rdi
100001665: e8 86 00 00 00              	callq	134 <__ZNSt3__1L7forwardIRKNS_5tupleIJRK3AppIM1Ai2IdIiEERKS2_IS4_iEEEEEEOT_RNS_16remove_referenceISG_E4typeE>
10000166a: 48 89 df                    	movq	%rbx, %rdi
10000166d: 48 89 c6                    	movq	%rax, %rsi
100001670: 5b                          	popq	%rbx
100001671: 41 5e                       	popq	%r14
100001673: 5d                          	popq	%rbp
100001674: e9 17 00 00 00              	jmp	23 <__ZNSt3__1L18__apply_tuple_implIZN13PatternTraitsI3AndIJ3AppIM1Ai2IdIiEES3_IS5_iEEEE7resetIdERKSA_EUlRKS8_RKS9_E_RKNS_5tupleIJSF_SH_EEEJLm0ELm1EEEEDcOT_OT0_NS_15__tuple_indicesIJXspT1_EEEE>
100001679: 0f 1f 80 00 00 00 00        	nopl	(%rax)

0000000100001680 And<App<int A::*, Id<int> >, App<int A::*, int> >::patterns() const:
100001680: 55                          	pushq	%rbp
100001681: 48 89 e5                    	movq	%rsp, %rbp
100001684: 48 89 f8                    	movq	%rdi, %rax
100001687: 5d                          	popq	%rbp
100001688: c3                          	retq
100001689: 0f 1f 80 00 00 00 00        	nopl	(%rax)

0000000100001690 decltype(auto) std::__1::__apply_tuple_impl<PatternTraits<And<App<int A::*, Id<int> >, App<int A::*, int> > >::resetId(And<App<int A::*, Id<int> >, App<int A::*, int> > const&)::'lambda'(App<int A::*, Id<int> > const&, App<int A::*, int> const&), std::__1::tuple<App<int A::*, Id<int> > const&, App<int A::*, int> const&> const&, 0ul, 1ul>(PatternTraits<And<App<int A::*, Id<int> >, App<int A::*, int> > >::resetId(And<App<int A::*, Id<int> >, App<int A::*, int> > const&)::'lambda'(App<int A::*, Id<int> > const&, App<int A::*, int> const&)&&, std::__1::tuple<App<int A::*, Id<int> > const&, App<int A::*, int> const&> const&, std::__1::__tuple_indices<0ul, 1ul>):
100001690: 55                          	pushq	%rbp
100001691: 48 89 e5                    	movq	%rsp, %rbp
100001694: 41 57                       	pushq	%r15
100001696: 41 56                       	pushq	%r14
100001698: 53                          	pushq	%rbx
100001699: 50                          	pushq	%rax
10000169a: 48 89 f3                    	movq	%rsi, %rbx
10000169d: e8 3e 00 00 00              	callq	62 <__ZNSt3__1L7forwardIZN13PatternTraitsI3AndIJ3AppIM1Ai2IdIiEES3_IS5_iEEEE7resetIdERKSA_EUlRKS8_RKS9_E_EEOT_RNS_16remove_referenceISJ_E4typeE>
1000016a2: 49 89 c6                    	movq	%rax, %r14
1000016a5: 48 89 df                    	movq	%rbx, %rdi
1000016a8: e8 43 00 00 00              	callq	67 <__ZNSt3__1L7forwardIRKNS_5tupleIJRK3AppIM1Ai2IdIiEERKS2_IS4_iEEEEEEOT_RNS_16remove_referenceISG_E4typeE>
1000016ad: 48 89 c3                    	movq	%rax, %rbx
1000016b0: 48 89 c7                    	movq	%rax, %rdi
1000016b3: e8 98 00 00 00              	callq	152 <__ZNSt3__1L3getILm0EJRK3AppIM1Ai2IdIiEERKS1_IS3_iEEEERKNS_13tuple_elementIXT_ENS_5tupleIJDpT0_EEEE4typeERKSG_>
1000016b8: 49 89 c7                    	movq	%rax, %r15
1000016bb: 48 89 df                    	movq	%rbx, %rdi
1000016be: e8 9d 00 00 00              	callq	157 <__ZNSt3__1L3getILm1EJRK3AppIM1Ai2IdIiEERKS1_IS3_iEEEERKNS_13tuple_elementIXT_ENS_5tupleIJDpT0_EEEE4typeERKSG_>
1000016c3: 4c 89 f7                    	movq	%r14, %rdi
1000016c6: 4c 89 fe                    	movq	%r15, %rsi
1000016c9: 48 89 c2                    	movq	%rax, %rdx
1000016cc: 48 83 c4 08                 	addq	$8, %rsp
1000016d0: 5b                          	popq	%rbx
1000016d1: 41 5e                       	popq	%r14
1000016d3: 41 5f                       	popq	%r15
1000016d5: 5d                          	popq	%rbp
1000016d6: e9 25 00 00 00              	jmp	37 <__ZNSt3__1L18__invoke_constexprIZN13PatternTraitsI3AndIJ3AppIM1Ai2IdIiEES3_IS5_iEEEE7resetIdERKSA_EUlRKS8_RKS9_E_JSF_SH_EEEDTclclsr3std3__1E7forwardIT_Efp_Espclsr3std3__1E7forwardIT0_Efp0_EEEOSJ_DpOSK_>
1000016db: 0f 1f 44 00 00              	nopl	(%rax,%rax)

00000001000016e0 PatternTraits<And<App<int A::*, Id<int> >, App<int A::*, int> > >::resetId(And<App<int A::*, Id<int> >, App<int A::*, int> > const&)::'lambda'(App<int A::*, Id<int> > const&, App<int A::*, int> const&)&& std::__1::forward<PatternTraits<And<App<int A::*, Id<int> >, App<int A::*, int> > >::resetId(And<App<int A::*, Id<int> >, App<int A::*, int> > const&)::'lambda'(App<int A::*, Id<int> > const&, App<int A::*, int> const&)>(std::__1::remove_reference<PatternTraits<And<App<int A::*, Id<int> >, App<int A::*, int> > >::resetId(And<App<int A::*, Id<int> >, App<int A::*, int> > const&)::'lambda'(App<int A::*, Id<int> > const&, App<int A::*, int> const&)>::type&):
1000016e0: 55                          	pushq	%rbp
1000016e1: 48 89 e5                    	movq	%rsp, %rbp
1000016e4: 48 89 f8                    	movq	%rdi, %rax
1000016e7: 5d                          	popq	%rbp
1000016e8: c3                          	retq
1000016e9: 0f 1f 80 00 00 00 00        	nopl	(%rax)

00000001000016f0 std::__1::tuple<App<int A::*, Id<int> > const&, App<int A::*, int> const&> const& std::__1::forward<std::__1::tuple<App<int A::*, Id<int> > const&, App<int A::*, int> const&> const&>(std::__1::remove_reference<std::__1::tuple<App<int A::*, Id<int> > const&, App<int A::*, int> const&> const&>::type&):
1000016f0: 55                          	pushq	%rbp
1000016f1: 48 89 e5                    	movq	%rsp, %rbp
1000016f4: 48 89 f8                    	movq	%rdi, %rax
1000016f7: 5d                          	popq	%rbp
1000016f8: c3                          	retq
1000016f9: 0f 1f 80 00 00 00 00        	nopl	(%rax)

0000000100001700 decltype(std::__1::forward<PatternTraits<And<App<int A::*, Id<int> >, App<int A::*, int> > >::resetId(And<App<int A::*, Id<int> >, App<int A::*, int> > const&)::'lambda'(App<int A::*, Id<int> > const&, App<int A::*, int> const&)>(fp)(std::__1::forward<App<int A::*, Id<int> > const&>(fp0), std::__1::forward<App<int A::*, int> const&>(fp0))) std::__1::__invoke_constexpr<PatternTraits<And<App<int A::*, Id<int> >, App<int A::*, int> > >::resetId(And<App<int A::*, Id<int> >, App<int A::*, int> > const&)::'lambda'(App<int A::*, Id<int> > const&, App<int A::*, int> const&), App<int A::*, Id<int> > const&, App<int A::*, int> const&>(PatternTraits<And<App<int A::*, Id<int> >, App<int A::*, int> > >::resetId(And<App<int A::*, Id<int> >, App<int A::*, int> > const&)::'lambda'(App<int A::*, Id<int> > const&, App<int A::*, int> const&)&&, App<int A::*, Id<int> > const&, App<int A::*, int> const&):
100001700: 55                          	pushq	%rbp
100001701: 48 89 e5                    	movq	%rsp, %rbp
100001704: 41 57                       	pushq	%r15
100001706: 41 56                       	pushq	%r14
100001708: 53                          	pushq	%rbx
100001709: 50                          	pushq	%rax
10000170a: 49 89 d6                    	movq	%rdx, %r14
10000170d: 48 89 f3                    	movq	%rsi, %rbx
100001710: e8 cb ff ff ff              	callq	-53 <__ZNSt3__1L7forwardIZN13PatternTraitsI3AndIJ3AppIM1Ai2IdIiEES3_IS5_iEEEE7resetIdERKSA_EUlRKS8_RKS9_E_EEOT_RNS_16remove_referenceISJ_E4typeE>
100001715: 49 89 c7                    	movq	%rax, %r15
100001718: 48 89 df                    	movq	%rbx, %rdi
10000171b: e8 70 00 00 00              	callq	112 <__ZNSt3__1L7forwardIRK3AppIM1Ai2IdIiEEEEOT_RNS_16remove_referenceIS9_E4typeE>
100001720: 48 89 c3                    	movq	%rax, %rbx
100001723: 4c 89 f7                    	movq	%r14, %rdi
100001726: e8 75 00 00 00              	callq	117 <__ZNSt3__1L7forwardIRK3AppIM1AiiEEEOT_RNS_16remove_referenceIS7_E4typeE>
10000172b: 4c 89 ff                    	movq	%r15, %rdi
10000172e: 48 89 de                    	movq	%rbx, %rsi
100001731: 48 89 c2                    	movq	%rax, %rdx
100001734: 48 83 c4 08                 	addq	$8, %rsp
100001738: 5b                          	popq	%rbx
100001739: 41 5e                       	popq	%r14
10000173b: 41 5f                       	popq	%r15
10000173d: 5d                          	popq	%rbp
10000173e: e9 2d 00 00 00              	jmp	45 <__ZZN13PatternTraitsI3AndIJ3AppIM1Ai2IdIiEES1_IS3_iEEEE7resetIdERKS8_ENKUlRKS6_RKS7_E_clESD_SF_>
100001743: 66 2e 0f 1f 84 00 00 00 00 00       	nopw	%cs:(%rax,%rax)
10000174d: 0f 1f 00                    	nopl	(%rax)

0000000100001750 std::__1::tuple_element<0ul, std::__1::tuple<App<int A::*, Id<int> > const&, App<int A::*, int> const&> >::type const& std::__1::get<0ul, App<int A::*, Id<int> > const&, App<int A::*, int> const&>(std::__1::tuple<App<int A::*, Id<int> > const&, App<int A::*, int> const&> const&):
100001750: 55                          	pushq	%rbp
100001751: 48 89 e5                    	movq	%rsp, %rbp
100001754: 5d                          	popq	%rbp
100001755: e9 26 01 00 00              	jmp	294 <__ZNKSt3__112__tuple_leafILm0ERK3AppIM1Ai2IdIiEELb0EE3getEv>
10000175a: 66 0f 1f 44 00 00           	nopw	(%rax,%rax)

0000000100001760 std::__1::tuple_element<1ul, std::__1::tuple<App<int A::*, Id<int> > const&, App<int A::*, int> const&> >::type const& std::__1::get<1ul, App<int A::*, Id<int> > const&, App<int A::*, int> const&>(std::__1::tuple<App<int A::*, Id<int> > const&, App<int A::*, int> const&> const&):
100001760: 55                          	pushq	%rbp
100001761: 48 89 e5                    	movq	%rsp, %rbp
100001764: 48 83 c7 08                 	addq	$8, %rdi
100001768: 5d                          	popq	%rbp
100001769: e9 22 01 00 00              	jmp	290 <__ZNKSt3__112__tuple_leafILm1ERK3AppIM1AiiELb0EE3getEv>
10000176e: 66 90                       	nop

0000000100001770 PatternTraits<And<App<int A::*, Id<int> >, App<int A::*, int> > >::resetId(And<App<int A::*, Id<int> >, App<int A::*, int> > const&)::'lambda'(App<int A::*, Id<int> > const&, App<int A::*, int> const&)::operator()(App<int A::*, Id<int> > const&, App<int A::*, int> const&) const:
100001770: 55                          	pushq	%rbp
100001771: 48 89 e5                    	movq	%rsp, %rbp
100001774: 53                          	pushq	%rbx
100001775: 50                          	pushq	%rax
100001776: 48 89 d3                    	movq	%rdx, %rbx
100001779: 48 89 f7                    	movq	%rsi, %rdi
10000177c: e8 2f 00 00 00              	callq	47 <__Z7resetIdI3AppIM1Ai2IdIiEEEvRKT_>
100001781: 48 89 df                    	movq	%rbx, %rdi
100001784: 48 83 c4 08                 	addq	$8, %rsp
100001788: 5b                          	popq	%rbx
100001789: 5d                          	popq	%rbp
10000178a: e9 31 00 00 00              	jmp	49 <__Z7resetIdI3AppIM1AiiEEvRKT_>
10000178f: 90                          	nop

0000000100001790 App<int A::*, Id<int> > const& std::__1::forward<App<int A::*, Id<int> > const&>(std::__1::remove_reference<App<int A::*, Id<int> > const&>::type&):
100001790: 55                          	pushq	%rbp
100001791: 48 89 e5                    	movq	%rsp, %rbp
100001794: 48 89 f8                    	movq	%rdi, %rax
100001797: 5d                          	popq	%rbp
100001798: c3                          	retq
100001799: 0f 1f 80 00 00 00 00        	nopl	(%rax)

00000001000017a0 App<int A::*, int> const& std::__1::forward<App<int A::*, int> const&>(std::__1::remove_reference<App<int A::*, int> const&>::type&):
1000017a0: 55                          	pushq	%rbp
1000017a1: 48 89 e5                    	movq	%rsp, %rbp
1000017a4: 48 89 f8                    	movq	%rdi, %rax
1000017a7: 5d                          	popq	%rbp
1000017a8: c3                          	retq
1000017a9: 0f 1f 80 00 00 00 00        	nopl	(%rax)

00000001000017b0 void resetId<App<int A::*, Id<int> > >(App<int A::*, Id<int> > const&):
1000017b0: 55                          	pushq	%rbp
1000017b1: 48 89 e5                    	movq	%rsp, %rbp
1000017b4: 5d                          	popq	%rbp
1000017b5: e9 16 00 00 00              	jmp	22 <__ZN13PatternTraitsI3AppIM1Ai2IdIiEEE7resetIdERKS5_>
1000017ba: 66 0f 1f 44 00 00           	nopw	(%rax,%rax)

00000001000017c0 void resetId<App<int A::*, int> >(App<int A::*, int> const&):
1000017c0: 55                          	pushq	%rbp
1000017c1: 48 89 e5                    	movq	%rsp, %rbp
1000017c4: 5d                          	popq	%rbp
1000017c5: e9 66 00 00 00              	jmp	102 <__ZN13PatternTraitsI3AppIM1AiiEE7resetIdERKS3_>
1000017ca: 66 0f 1f 44 00 00           	nopw	(%rax,%rax)

00000001000017d0 PatternTraits<App<int A::*, Id<int> > >::resetId(App<int A::*, Id<int> > const&):
1000017d0: 55                          	pushq	%rbp
1000017d1: 48 89 e5                    	movq	%rsp, %rbp
1000017d4: e8 27 00 00 00              	callq	39 <__ZNK3AppIM1Ai2IdIiEE7patternEv>
1000017d9: 48 89 c7                    	movq	%rax, %rdi
1000017dc: 5d                          	popq	%rbp
1000017dd: e9 0e 00 00 00              	jmp	14 <__Z7resetIdI2IdIiEEvRKT_>
1000017e2: 66 2e 0f 1f 84 00 00 00 00 00       	nopw	%cs:(%rax,%rax)
1000017ec: 0f 1f 40 00                 	nopl	(%rax)

00000001000017f0 void resetId<Id<int> >(Id<int> const&):
1000017f0: 55                          	pushq	%rbp
1000017f1: 48 89 e5                    	movq	%rsp, %rbp
1000017f4: 5d                          	popq	%rbp
1000017f5: e9 16 00 00 00              	jmp	22 <__ZN13PatternTraitsI2IdIiEE7resetIdERKS1_>
1000017fa: 66 0f 1f 44 00 00           	nopw	(%rax,%rax)

0000000100001800 App<int A::*, Id<int> >::pattern() const:
100001800: 55                          	pushq	%rbp
100001801: 48 89 e5                    	movq	%rsp, %rbp
100001804: 48 8b 47 08                 	movq	8(%rdi), %rax
100001808: 5d                          	popq	%rbp
100001809: c3                          	retq
10000180a: 66 0f 1f 44 00 00           	nopw	(%rax,%rax)

0000000100001810 PatternTraits<Id<int> >::resetId(Id<int> const&):
100001810: 55                          	pushq	%rbp
100001811: 48 89 e5                    	movq	%rsp, %rbp
100001814: 5d                          	popq	%rbp
100001815: e9 06 00 00 00              	jmp	6 <__ZNK2IdIiE5resetEv>
10000181a: 66 0f 1f 44 00 00           	nopw	(%rax,%rax)

0000000100001820 Id<int>::reset() const:
100001820: 55                          	pushq	%rbp
100001821: 48 89 e5                    	movq	%rsp, %rbp
100001824: c6 47 04 00                 	movb	$0, 4(%rdi)
100001828: 5d                          	popq	%rbp
100001829: c3                          	retq
10000182a: 66 0f 1f 44 00 00           	nopw	(%rax,%rax)

0000000100001830 PatternTraits<App<int A::*, int> >::resetId(App<int A::*, int> const&):
100001830: 55                          	pushq	%rbp
100001831: 48 89 e5                    	movq	%rsp, %rbp
100001834: e8 27 00 00 00              	callq	39 <__ZNK3AppIM1AiiE7patternEv>
100001839: 48 89 c7                    	movq	%rax, %rdi
10000183c: 5d                          	popq	%rbp
10000183d: e9 0e 00 00 00              	jmp	14 <__Z7resetIdIiEvRKT_>
100001842: 66 2e 0f 1f 84 00 00 00 00 00       	nopw	%cs:(%rax,%rax)
10000184c: 0f 1f 40 00                 	nopl	(%rax)

0000000100001850 void resetId<int>(int const&):
100001850: 55                          	pushq	%rbp
100001851: 48 89 e5                    	movq	%rsp, %rbp
100001854: 5d                          	popq	%rbp
100001855: e9 16 00 00 00              	jmp	22 <__ZN13PatternTraitsIiE7resetIdERKi>
10000185a: 66 0f 1f 44 00 00           	nopw	(%rax,%rax)

0000000100001860 App<int A::*, int>::pattern() const:
100001860: 55                          	pushq	%rbp
100001861: 48 89 e5                    	movq	%rsp, %rbp
100001864: 48 8b 47 08                 	movq	8(%rdi), %rax
100001868: 5d                          	popq	%rbp
100001869: c3                          	retq
10000186a: 66 0f 1f 44 00 00           	nopw	(%rax,%rax)

0000000100001870 PatternTraits<int>::resetId(int const&):
100001870: 55                          	pushq	%rbp
100001871: 48 89 e5                    	movq	%rsp, %rbp
100001874: 5d                          	popq	%rbp
100001875: c3                          	retq
100001876: 66 2e 0f 1f 84 00 00 00 00 00       	nopw	%cs:(%rax,%rax)

0000000100001880 std::__1::__tuple_leaf<0ul, App<int A::*, Id<int> > const&, false>::get() const:
100001880: 55                          	pushq	%rbp
100001881: 48 89 e5                    	movq	%rsp, %rbp
100001884: 48 8b 07                    	movq	(%rdi), %rax
100001887: 5d                          	popq	%rbp
100001888: c3                          	retq
100001889: 0f 1f 80 00 00 00 00        	nopl	(%rax)

0000000100001890 std::__1::__tuple_leaf<1ul, App<int A::*, int> const&, false>::get() const:
100001890: 55                          	pushq	%rbp
100001891: 48 89 e5                    	movq	%rsp, %rbp
100001894: 48 8b 07                    	movq	(%rdi), %rax
100001897: 5d                          	popq	%rbp
100001898: c3                          	retq
100001899: 0f 1f 80 00 00 00 00        	nopl	(%rax)

00000001000018a0 bool PatternTraits<And<App<int A::*, Id<int> >, App<int A::*, int> > >::match<A>(And<App<int A::*, Id<int> >, App<int A::*, int> > const&, A const&):
1000018a0: 55                          	pushq	%rbp
1000018a1: 48 89 e5                    	movq	%rsp, %rbp
1000018a4: 48 83 ec 10                 	subq	$16, %rsp
1000018a8: 48 89 75 f8                 	movq	%rsi, -8(%rbp)
1000018ac: e8 cf fd ff ff              	callq	-561 <__ZNK3AndIJ3AppIM1Ai2IdIiEES0_IS2_iEEE8patternsEv>
1000018b1: 48 8d 7d f8                 	leaq	-8(%rbp), %rdi
1000018b5: 48 89 c6                    	movq	%rax, %rsi
1000018b8: e8 13 00 00 00              	callq	19 <__ZNSt3__1L5applyIZN13PatternTraitsI3AndIJ3AppIM1Ai2IdIiEES3_IS5_iEEEE5matchIS4_EEbRKSA_RKT_EUlRKS8_RKS9_E_RKNS_5tupleIJSJ_SL_EEEEEDcOSF_OT0_>
1000018bd: 48 83 c4 10                 	addq	$16, %rsp
1000018c1: 5d                          	popq	%rbp
1000018c2: c3                          	retq
1000018c3: 66 2e 0f 1f 84 00 00 00 00 00       	nopw	%cs:(%rax,%rax)
1000018cd: 0f 1f 00                    	nopl	(%rax)

00000001000018d0 decltype(auto) std::__1::apply<bool PatternTraits<And<App<int A::*, Id<int> >, App<int A::*, int> > >::match<A>(And<App<int A::*, Id<int> >, App<int A::*, int> > const&, A const&)::'lambda'(App<int A::*, Id<int> > const&, App<int A::*, int> const&), std::__1::tuple<App<int A::*, Id<int> > const&, App<int A::*, int> const&> const&>(A&&, std::__1::tuple<App<int A::*, Id<int> > const&, App<int A::*, int> const&> const&):
1000018d0: 55                          	pushq	%rbp
1000018d1: 48 89 e5                    	movq	%rsp, %rbp
1000018d4: 41 56                       	pushq	%r14
1000018d6: 53                          	pushq	%rbx
1000018d7: 49 89 f6                    	movq	%rsi, %r14
1000018da: e8 71 00 00 00              	callq	113 <__ZNSt3__1L7forwardIZN13PatternTraitsI3AndIJ3AppIM1Ai2IdIiEES3_IS5_iEEEE5matchIS4_EEbRKSA_RKT_EUlRKS8_RKS9_E_EEOSF_RNS_16remove_referenceISF_E4typeE>
1000018df: 48 89 c3                    	movq	%rax, %rbx
1000018e2: 4c 89 f7                    	movq	%r14, %rdi
1000018e5: e8 06 fe ff ff              	callq	-506 <__ZNSt3__1L7forwardIRKNS_5tupleIJRK3AppIM1Ai2IdIiEERKS2_IS4_iEEEEEEOT_RNS_16remove_referenceISG_E4typeE>
1000018ea: 48 89 df                    	movq	%rbx, %rdi
1000018ed: 48 89 c6                    	movq	%rax, %rsi
1000018f0: 5b                          	popq	%rbx
1000018f1: 41 5e                       	popq	%r14
1000018f3: 5d                          	popq	%rbp
1000018f4: e9 07 00 00 00              	jmp	7 <__ZNSt3__1L18__apply_tuple_implIZN13PatternTraitsI3AndIJ3AppIM1Ai2IdIiEES3_IS5_iEEEE5matchIS4_EEbRKSA_RKT_EUlRKS8_RKS9_E_RKNS_5tupleIJSJ_SL_EEEJLm0ELm1EEEEDcOSF_OT0_NS_15__tuple_indicesIJXspT1_EEEE>
1000018f9: 0f 1f 80 00 00 00 00        	nopl	(%rax)

0000000100001900 decltype(auto) std::__1::__apply_tuple_impl<bool PatternTraits<And<App<int A::*, Id<int> >, App<int A::*, int> > >::match<A>(And<App<int A::*, Id<int> >, App<int A::*, int> > const&, A const&)::'lambda'(App<int A::*, Id<int> > const&, App<int A::*, int> const&), std::__1::tuple<App<int A::*, Id<int> > const&, App<int A::*, int> const&> const&, 0ul, 1ul>(A&&, std::__1::tuple<App<int A::*, Id<int> > const&, App<int A::*, int> const&> const&, std::__1::__tuple_indices<0ul, 1ul>):
100001900: 55                          	pushq	%rbp
100001901: 48 89 e5                    	movq	%rsp, %rbp
100001904: 41 57                       	pushq	%r15
100001906: 41 56                       	pushq	%r14
100001908: 53                          	pushq	%rbx
100001909: 50                          	pushq	%rax
10000190a: 48 89 f3                    	movq	%rsi, %rbx
10000190d: e8 3e 00 00 00              	callq	62 <__ZNSt3__1L7forwardIZN13PatternTraitsI3AndIJ3AppIM1Ai2IdIiEES3_IS5_iEEEE5matchIS4_EEbRKSA_RKT_EUlRKS8_RKS9_E_EEOSF_RNS_16remove_referenceISF_E4typeE>
100001912: 49 89 c6                    	movq	%rax, %r14
100001915: 48 89 df                    	movq	%rbx, %rdi
100001918: e8 d3 fd ff ff              	callq	-557 <__ZNSt3__1L7forwardIRKNS_5tupleIJRK3AppIM1Ai2IdIiEERKS2_IS4_iEEEEEEOT_RNS_16remove_referenceISG_E4typeE>
10000191d: 48 89 c3                    	movq	%rax, %rbx
100001920: 48 89 c7                    	movq	%rax, %rdi
100001923: e8 28 fe ff ff              	callq	-472 <__ZNSt3__1L3getILm0EJRK3AppIM1Ai2IdIiEERKS1_IS3_iEEEERKNS_13tuple_elementIXT_ENS_5tupleIJDpT0_EEEE4typeERKSG_>
100001928: 49 89 c7                    	movq	%rax, %r15
10000192b: 48 89 df                    	movq	%rbx, %rdi
10000192e: e8 2d fe ff ff              	callq	-467 <__ZNSt3__1L3getILm1EJRK3AppIM1Ai2IdIiEERKS1_IS3_iEEEERKNS_13tuple_elementIXT_ENS_5tupleIJDpT0_EEEE4typeERKSG_>
100001933: 4c 89 f7                    	movq	%r14, %rdi
100001936: 4c 89 fe                    	movq	%r15, %rsi
100001939: 48 89 c2                    	movq	%rax, %rdx
10000193c: 48 83 c4 08                 	addq	$8, %rsp
100001940: 5b                          	popq	%rbx
100001941: 41 5e                       	popq	%r14
100001943: 41 5f                       	popq	%r15
100001945: 5d                          	popq	%rbp
100001946: e9 15 00 00 00              	jmp	21 <__ZNSt3__1L18__invoke_constexprIZN13PatternTraitsI3AndIJ3AppIM1Ai2IdIiEES3_IS5_iEEEE5matchIS4_EEbRKSA_RKT_EUlRKS8_RKS9_E_JSJ_SL_EEEDTclclsr3std3__1E7forwardISF_Efp_Espclsr3std3__1E7forwardIT0_Efp0_EEEOSF_DpOSN_>
10000194b: 0f 1f 44 00 00              	nopl	(%rax,%rax)

0000000100001950 A&& std::__1::forward<bool PatternTraits<And<App<int A::*, Id<int> >, App<int A::*, int> > >::match<A>(And<App<int A::*, Id<int> >, App<int A::*, int> > const&, A const&)::'lambda'(App<int A::*, Id<int> > const&, App<int A::*, int> const&)>(std::__1::remove_reference<A>::type&):
100001950: 55                          	pushq	%rbp
100001951: 48 89 e5                    	movq	%rsp, %rbp
100001954: 48 89 f8                    	movq	%rdi, %rax
100001957: 5d                          	popq	%rbp
100001958: c3                          	retq
100001959: 0f 1f 80 00 00 00 00        	nopl	(%rax)

0000000100001960 decltype(std::__1::forward<A>(fp)(std::__1::forward<App<int A::*, Id<int> > const&>(fp0), std::__1::forward<App<int A::*, int> const&>(fp0))) std::__1::__invoke_constexpr<bool PatternTraits<And<App<int A::*, Id<int> >, App<int A::*, int> > >::match<A>(And<App<int A::*, Id<int> >, App<int A::*, int> > const&, A const&)::'lambda'(App<int A::*, Id<int> > const&, App<int A::*, int> const&), App<int A::*, Id<int> > const&, App<int A::*, int> const&>(A&&, App<int A::*, Id<int> > const&, App<int A::*, int> const&):
100001960: 55                          	pushq	%rbp
100001961: 48 89 e5                    	movq	%rsp, %rbp
100001964: 41 57                       	pushq	%r15
100001966: 41 56                       	pushq	%r14
100001968: 53                          	pushq	%rbx
100001969: 50                          	pushq	%rax
10000196a: 49 89 d6                    	movq	%rdx, %r14
10000196d: 48 89 f3                    	movq	%rsi, %rbx
100001970: e8 db ff ff ff              	callq	-37 <__ZNSt3__1L7forwardIZN13PatternTraitsI3AndIJ3AppIM1Ai2IdIiEES3_IS5_iEEEE5matchIS4_EEbRKSA_RKT_EUlRKS8_RKS9_E_EEOSF_RNS_16remove_referenceISF_E4typeE>
100001975: 49 89 c7                    	movq	%rax, %r15
100001978: 48 89 df                    	movq	%rbx, %rdi
10000197b: e8 10 fe ff ff              	callq	-496 <__ZNSt3__1L7forwardIRK3AppIM1Ai2IdIiEEEEOT_RNS_16remove_referenceIS9_E4typeE>
100001980: 48 89 c3                    	movq	%rax, %rbx
100001983: 4c 89 f7                    	movq	%r14, %rdi
100001986: e8 15 fe ff ff              	callq	-491 <__ZNSt3__1L7forwardIRK3AppIM1AiiEEEOT_RNS_16remove_referenceIS7_E4typeE>
10000198b: 4c 89 ff                    	movq	%r15, %rdi
10000198e: 48 89 de                    	movq	%rbx, %rsi
100001991: 48 89 c2                    	movq	%rax, %rdx
100001994: 48 83 c4 08                 	addq	$8, %rsp
100001998: 5b                          	popq	%rbx
100001999: 41 5e                       	popq	%r14
10000199b: 41 5f                       	popq	%r15
10000199d: 5d                          	popq	%rbp
10000199e: e9 0d 00 00 00              	jmp	13 <__ZZN13PatternTraitsI3AndIJ3AppIM1Ai2IdIiEES1_IS3_iEEEE5matchIS2_EEbRKS8_RKT_ENKUlRKS6_RKS7_E_clESH_SJ_>
1000019a3: 66 2e 0f 1f 84 00 00 00 00 00       	nopw	%cs:(%rax,%rax)
1000019ad: 0f 1f 00                    	nopl	(%rax)

00000001000019b0 bool PatternTraits<And<App<int A::*, Id<int> >, App<int A::*, int> > >::match<A>(And<App<int A::*, Id<int> >, App<int A::*, int> > const&, A const&)::'lambda'(App<int A::*, Id<int> > const&, App<int A::*, int> const&)::operator()(App<int A::*, Id<int> > const&, App<int A::*, int> const&) const:
1000019b0: 55                          	pushq	%rbp
1000019b1: 48 89 e5                    	movq	%rsp, %rbp
1000019b4: 41 56                       	pushq	%r14
1000019b6: 53                          	pushq	%rbx
1000019b7: 49 89 d6                    	movq	%rdx, %r14
1000019ba: 48 89 f0                    	movq	%rsi, %rax
1000019bd: 48 89 fb                    	movq	%rdi, %rbx
1000019c0: 48 8b 37                    	movq	(%rdi), %rsi
1000019c3: 48 89 c7                    	movq	%rax, %rdi
1000019c6: e8 25 00 00 00              	callq	37 <__Z5matchI3AppIM1Ai2IdIiEES1_EbRKT_RKT0_>
1000019cb: 84 c0                       	testb	%al, %al
1000019cd: 74 0f                       	je	15 <__ZZN13PatternTraitsI3AndIJ3AppIM1Ai2IdIiEES1_IS3_iEEEE5matchIS2_EEbRKS8_RKT_ENKUlRKS6_RKS7_E_clESH_SJ_+0x2e>
1000019cf: 48 8b 33                    	movq	(%rbx), %rsi
1000019d2: 4c 89 f7                    	movq	%r14, %rdi
1000019d5: 5b                          	popq	%rbx
1000019d6: 41 5e                       	popq	%r14
1000019d8: 5d                          	popq	%rbp
1000019d9: e9 22 00 00 00              	jmp	34 <__Z5matchI3AppIM1AiiES1_EbRKT_RKT0_>
1000019de: 31 c0                       	xorl	%eax, %eax
1000019e0: 5b                          	popq	%rbx
1000019e1: 41 5e                       	popq	%r14
1000019e3: 5d                          	popq	%rbp
1000019e4: c3                          	retq
1000019e5: 66 2e 0f 1f 84 00 00 00 00 00       	nopw	%cs:(%rax,%rax)
1000019ef: 90                          	nop

00000001000019f0 bool match<App<int A::*, Id<int> >, A>(App<int A::*, Id<int> > const&, A const&):
1000019f0: 55                          	pushq	%rbp
1000019f1: 48 89 e5                    	movq	%rsp, %rbp
1000019f4: 5d                          	popq	%rbp
1000019f5: e9 16 00 00 00              	jmp	22 <__ZN13PatternTraitsI3AppIM1Ai2IdIiEEE5matchIS1_EEbRKS5_RKT_>
1000019fa: 66 0f 1f 44 00 00           	nopw	(%rax,%rax)

0000000100001a00 bool match<App<int A::*, int>, A>(App<int A::*, int> const&, A const&):
100001a00: 55                          	pushq	%rbp
100001a01: 48 89 e5                    	movq	%rsp, %rbp
100001a04: 5d                          	popq	%rbp
100001a05: e9 06 01 00 00              	jmp	262 <__ZN13PatternTraitsI3AppIM1AiiEE5matchIS1_EEbRKS3_RKT_>
100001a0a: 66 0f 1f 44 00 00           	nopw	(%rax,%rax)

0000000100001a10 bool PatternTraits<App<int A::*, Id<int> > >::match<A>(App<int A::*, Id<int> > const&, A const&):
100001a10: 55                          	pushq	%rbp
100001a11: 48 89 e5                    	movq	%rsp, %rbp
100001a14: 41 57                       	pushq	%r15
100001a16: 41 56                       	pushq	%r14
100001a18: 53                          	pushq	%rbx
100001a19: 50                          	pushq	%rax
100001a1a: 49 89 f6                    	movq	%rsi, %r14
100001a1d: 48 89 fb                    	movq	%rdi, %rbx
100001a20: e8 db fd ff ff              	callq	-549 <__ZNK3AppIM1Ai2IdIiEE7patternEv>
100001a25: 49 89 c7                    	movq	%rax, %r15
100001a28: 48 89 df                    	movq	%rbx, %rdi
100001a2b: e8 60 00 00 00              	callq	96 <__ZNK3AppIM1Ai2IdIiEE5unaryEv>
100001a30: 48 89 c7                    	movq	%rax, %rdi
100001a33: 4c 89 f6                    	movq	%r14, %rsi
100001a36: e8 25 00 00 00              	callq	37 <__ZNSt3__16invokeIRKM1AiJRKS1_EEENS_13invoke_resultIT_JDpT0_EE4typeEOS8_DpOS9_>
100001a3b: 4c 89 ff                    	movq	%r15, %rdi
100001a3e: 48 89 c6                    	movq	%rax, %rsi
100001a41: 48 83 c4 08                 	addq	$8, %rsp
100001a45: 5b                          	popq	%rbx
100001a46: 41 5e                       	popq	%r14
100001a48: 41 5f                       	popq	%r15
100001a4a: 5d                          	popq	%rbp
100001a4b: e9 00 00 00 00              	jmp	0 <__Z5matchI2IdIiEiEbRKT_RKT0_>

0000000100001a50 bool match<Id<int>, int>(Id<int> const&, int const&):
100001a50: 55                          	pushq	%rbp
100001a51: 48 89 e5                    	movq	%rsp, %rbp
100001a54: 5d                          	popq	%rbp
100001a55: e9 46 00 00 00              	jmp	70 <__ZN13PatternTraitsI2IdIiEE5matchIiEEbRKS1_RKT_>
100001a5a: 66 0f 1f 44 00 00           	nopw	(%rax,%rax)

0000000100001a60 std::__1::invoke_result<int A::* const&, A const&>::type std::__1::invoke<int A::* const&, A const&>(int A::* const&, A const&):
100001a60: 55                          	pushq	%rbp
100001a61: 48 89 e5                    	movq	%rsp, %rbp
100001a64: 41 56                       	pushq	%r14
100001a66: 53                          	pushq	%rbx
100001a67: 49 89 f6                    	movq	%rsi, %r14
100001a6a: e8 81 00 00 00              	callq	129 <__ZNSt3__1L7forwardIRKM1AiEEOT_RNS_16remove_referenceIS5_E4typeE>
100001a6f: 48 89 c3                    	movq	%rax, %rbx
100001a72: 4c 89 f7                    	movq	%r14, %rdi
100001a75: e8 86 00 00 00              	callq	134 <__ZNSt3__1L7forwardIRK1AEEOT_RNS_16remove_referenceIS4_E4typeE>
100001a7a: 48 89 df                    	movq	%rbx, %rdi
100001a7d: 48 89 c6                    	movq	%rax, %rsi
100001a80: 5b                          	popq	%rbx
100001a81: 41 5e                       	popq	%r14
100001a83: 5d                          	popq	%rbp
100001a84: e9 47 00 00 00              	jmp	71 <__ZNSt3__1L8__invokeIRKM1AiRKS1_vEEDTdsclsr3std3__1E7forwardIT0_Efp0_Efp_EOT_OS7_>
100001a89: 0f 1f 80 00 00 00 00        	nopl	(%rax)

0000000100001a90 App<int A::*, Id<int> >::unary() const:
100001a90: 55                          	pushq	%rbp
100001a91: 48 89 e5                    	movq	%rsp, %rbp
100001a94: 48 8b 07                    	movq	(%rdi), %rax
100001a97: 5d                          	popq	%rbp
100001a98: c3                          	retq
100001a99: 0f 1f 80 00 00 00 00        	nopl	(%rax)

0000000100001aa0 bool PatternTraits<Id<int> >::match<int>(Id<int> const&, int const&):
100001aa0: 55                          	pushq	%rbp
100001aa1: 48 89 e5                    	movq	%rsp, %rbp
100001aa4: 5d                          	popq	%rbp
100001aa5: e9 06 00 00 00              	jmp	6 <__ZNK2IdIiE5matchIiEEbRKT_>
100001aaa: 66 0f 1f 44 00 00           	nopw	(%rax,%rax)

0000000100001ab0 bool Id<int>::match<int>(int const&) const:
100001ab0: 55                          	pushq	%rbp
100001ab1: 48 89 e5                    	movq	%rsp, %rbp
100001ab4: 80 7f 04 00                 	cmpb	$0, 4(%rdi)
100001ab8: 74 09                       	je	9 <__ZNK2IdIiE5matchIiEEbRKT_+0x13>
100001aba: 8b 07                       	movl	(%rdi), %eax
100001abc: 3b 06                       	cmpl	(%rsi), %eax
100001abe: 0f 94 c0                    	sete	%al
100001ac1: 5d                          	popq	%rbp
100001ac2: c3                          	retq
100001ac3: c6 47 04 01                 	movb	$1, 4(%rdi)
100001ac7: 8b 06                       	movl	(%rsi), %eax
100001ac9: 89 07                       	movl	%eax, (%rdi)
100001acb: b0 01                       	movb	$1, %al
100001acd: 5d                          	popq	%rbp
100001ace: c3                          	retq
100001acf: 90                          	nop

0000000100001ad0 decltype(std::__1::forward<A const&>(fp0).*fp) std::__1::__invoke<int A::* const&, A const&, void>(int A::* const&, A const&):
100001ad0: 55                          	pushq	%rbp
100001ad1: 48 89 e5                    	movq	%rsp, %rbp
100001ad4: 53                          	pushq	%rbx
100001ad5: 50                          	pushq	%rax
100001ad6: 48 89 fb                    	movq	%rdi, %rbx
100001ad9: 48 89 f7                    	movq	%rsi, %rdi
100001adc: e8 1f 00 00 00              	callq	31 <__ZNSt3__1L7forwardIRK1AEEOT_RNS_16remove_referenceIS4_E4typeE>
100001ae1: 48 03 03                    	addq	(%rbx), %rax
100001ae4: 48 83 c4 08                 	addq	$8, %rsp
100001ae8: 5b                          	popq	%rbx
100001ae9: 5d                          	popq	%rbp
100001aea: c3                          	retq
100001aeb: 0f 1f 44 00 00              	nopl	(%rax,%rax)

0000000100001af0 int A::* const& std::__1::forward<int A::* const&>(std::__1::remove_reference<int A::* const&>::type&):
100001af0: 55                          	pushq	%rbp
100001af1: 48 89 e5                    	movq	%rsp, %rbp
100001af4: 48 89 f8                    	movq	%rdi, %rax
100001af7: 5d                          	popq	%rbp
100001af8: c3                          	retq
100001af9: 0f 1f 80 00 00 00 00        	nopl	(%rax)

0000000100001b00 A const& std::__1::forward<A const&>(std::__1::remove_reference<A const&>::type&):
100001b00: 55                          	pushq	%rbp
100001b01: 48 89 e5                    	movq	%rsp, %rbp
100001b04: 48 89 f8                    	movq	%rdi, %rax
100001b07: 5d                          	popq	%rbp
100001b08: c3                          	retq
100001b09: 0f 1f 80 00 00 00 00        	nopl	(%rax)

0000000100001b10 bool PatternTraits<App<int A::*, int> >::match<A>(App<int A::*, int> const&, A const&):
100001b10: 55                          	pushq	%rbp
100001b11: 48 89 e5                    	movq	%rsp, %rbp
100001b14: 41 57                       	pushq	%r15
100001b16: 41 56                       	pushq	%r14
100001b18: 53                          	pushq	%rbx
100001b19: 50                          	pushq	%rax
100001b1a: 49 89 f6                    	movq	%rsi, %r14
100001b1d: 48 89 fb                    	movq	%rdi, %rbx
100001b20: e8 3b fd ff ff              	callq	-709 <__ZNK3AppIM1AiiE7patternEv>
100001b25: 49 89 c7                    	movq	%rax, %r15
100001b28: 48 89 df                    	movq	%rbx, %rdi
100001b2b: e8 30 00 00 00              	callq	48 <__ZNK3AppIM1AiiE5unaryEv>
100001b30: 48 89 c7                    	movq	%rax, %rdi
100001b33: 4c 89 f6                    	movq	%r14, %rsi
100001b36: e8 25 ff ff ff              	callq	-219 <__ZNSt3__16invokeIRKM1AiJRKS1_EEENS_13invoke_resultIT_JDpT0_EE4typeEOS8_DpOS9_>
100001b3b: 4c 89 ff                    	movq	%r15, %rdi
100001b3e: 48 89 c6                    	movq	%rax, %rsi
100001b41: 48 83 c4 08                 	addq	$8, %rsp
100001b45: 5b                          	popq	%rbx
100001b46: 41 5e                       	popq	%r14
100001b48: 41 5f                       	popq	%r15
100001b4a: 5d                          	popq	%rbp
100001b4b: e9 00 00 00 00              	jmp	0 <__Z5matchIiiEbRKT_RKT0_>

0000000100001b50 bool match<int, int>(int const&, int const&):
100001b50: 55                          	pushq	%rbp
100001b51: 48 89 e5                    	movq	%rsp, %rbp
100001b54: 5d                          	popq	%rbp
100001b55: e9 16 00 00 00              	jmp	22 <__ZN13PatternTraitsIiE5matchIiEEbRKiRKT_>
100001b5a: 66 0f 1f 44 00 00           	nopw	(%rax,%rax)

0000000100001b60 App<int A::*, int>::unary() const:
100001b60: 55                          	pushq	%rbp
100001b61: 48 89 e5                    	movq	%rsp, %rbp
100001b64: 48 8b 07                    	movq	(%rdi), %rax
100001b67: 5d                          	popq	%rbp
100001b68: c3                          	retq
100001b69: 0f 1f 80 00 00 00 00        	nopl	(%rax)

0000000100001b70 bool PatternTraits<int>::match<int>(int const&, int const&):
100001b70: 55                          	pushq	%rbp
100001b71: 48 89 e5                    	movq	%rsp, %rbp
100001b74: 8b 07                       	movl	(%rdi), %eax
100001b76: 3b 06                       	cmpl	(%rsi), %eax
100001b78: 0f 94 c0                    	sete	%al
100001b7b: 5d                          	popq	%rbp
100001b7c: c3                          	retq
100001b7d: 0f 1f 00                    	nopl	(%rax)

0000000100001b80 auto test3()::$_0::operator()(A const&) const::'lambda'(auto&&)::operator()<A const&>(auto&&) const:
100001b80: 55                          	pushq	%rbp
100001b81: 48 89 e5                    	movq	%rsp, %rbp
100001b84: 48 8b 3f                    	movq	(%rdi), %rdi
100001b87: e8 04 00 00 00              	callq	4 <__ZNK2IdIiE5valueEv>
100001b8c: 8b 00                       	movl	(%rax), %eax
100001b8e: 5d                          	popq	%rbp
100001b8f: c3                          	retq

0000000100001b90 Id<int>::value() const:
100001b90: 55                          	pushq	%rbp
100001b91: 48 89 e5                    	movq	%rsp, %rbp
100001b94: 80 7f 04 01                 	cmpb	$1, 4(%rdi)
100001b98: 75 05                       	jne	5 <__ZNK2IdIiE5valueEv+0xf>
100001b9a: 48 89 f8                    	movq	%rdi, %rax
100001b9d: 5d                          	popq	%rbp
100001b9e: c3                          	retq
100001b9f: e8 cc 02 00 00              	callq	716 <__ZNK2IdIiE5valueEv.cold.1>
100001ba4: 66 2e 0f 1f 84 00 00 00 00 00       	nopw	%cs:(%rax,%rax)
100001bae: 66 90                       	nop

0000000100001bb0 bool PatternPair<WildCard, test3()::$_0::operator()(A const&) const::'lambda0'(auto&&)>::match<A>(auto const&) const:
100001bb0: 55                          	pushq	%rbp
100001bb1: 48 89 e5                    	movq	%rsp, %rbp
100001bb4: 41 56                       	pushq	%r14
100001bb6: 53                          	pushq	%rbx
100001bb7: 49 89 f6                    	movq	%rsi, %r14
100001bba: 48 89 fb                    	movq	%rdi, %rbx
100001bbd: 48 8b 3f                    	movq	(%rdi), %rdi
100001bc0: e8 1b 00 00 00              	callq	27 <__Z7resetIdI8WildCardEvRKT_>
100001bc5: 48 8b 3b                    	movq	(%rbx), %rdi
100001bc8: 4c 89 f6                    	movq	%r14, %rsi
100001bcb: 5b                          	popq	%rbx
100001bcc: 41 5e                       	popq	%r14
100001bce: 5d                          	popq	%rbp
100001bcf: e9 1c 00 00 00              	jmp	28 <__Z5matchI8WildCard1AEbRKT_RKT0_>
100001bd4: 66 2e 0f 1f 84 00 00 00 00 00       	nopw	%cs:(%rax,%rax)
100001bde: 66 90                       	nop

0000000100001be0 void resetId<WildCard>(WildCard const&):
100001be0: 55                          	pushq	%rbp
100001be1: 48 89 e5                    	movq	%rsp, %rbp
100001be4: 5d                          	popq	%rbp
100001be5: e9 16 00 00 00              	jmp	22 <__ZN13PatternTraitsI8WildCardE7resetIdERKS0_>
100001bea: 66 0f 1f 44 00 00           	nopw	(%rax,%rax)

0000000100001bf0 bool match<WildCard, A>(WildCard const&, A const&):
100001bf0: 55                          	pushq	%rbp
100001bf1: 48 89 e5                    	movq	%rsp, %rbp
100001bf4: 5d                          	popq	%rbp
100001bf5: e9 16 00 00 00              	jmp	22 <__ZN13PatternTraitsI8WildCardE5matchI1AEEbRKS0_RKT_>
100001bfa: 66 0f 1f 44 00 00           	nopw	(%rax,%rax)

0000000100001c00 PatternTraits<WildCard>::resetId(WildCard const&):
100001c00: 55                          	pushq	%rbp
100001c01: 48 89 e5                    	movq	%rsp, %rbp
100001c04: 5d                          	popq	%rbp
100001c05: c3                          	retq
100001c06: 66 2e 0f 1f 84 00 00 00 00 00       	nopw	%cs:(%rax,%rax)

0000000100001c10 bool PatternTraits<WildCard>::match<A>(WildCard const&, A const&):
100001c10: 55                          	pushq	%rbp
100001c11: 48 89 e5                    	movq	%rsp, %rbp
100001c14: b0 01                       	movb	$1, %al
100001c16: 5d                          	popq	%rbp
100001c17: c3                          	retq
100001c18: 0f 1f 84 00 00 00 00 00     	nopl	(%rax,%rax)

0000000100001c20 PatternHelper<And<App<int A::*, Id<int> >, App<int A::*, int> > >::PatternHelper(And<App<int A::*, Id<int> >, App<int A::*, int> > const&):
100001c20: 55                          	pushq	%rbp
100001c21: 48 89 e5                    	movq	%rsp, %rbp
100001c24: 5d                          	popq	%rbp
100001c25: e9 06 00 00 00              	jmp	6 <__ZN13PatternHelperI3AndIJ3AppIM1Ai2IdIiEES1_IS3_iEEEEC2ERKS8_>
100001c2a: 66 0f 1f 44 00 00           	nopw	(%rax,%rax)

0000000100001c30 PatternHelper<And<App<int A::*, Id<int> >, App<int A::*, int> > >::PatternHelper(And<App<int A::*, Id<int> >, App<int A::*, int> > const&):
100001c30: 55                          	pushq	%rbp
100001c31: 48 89 e5                    	movq	%rsp, %rbp
100001c34: 48 89 37                    	movq	%rsi, (%rdi)
100001c37: 5d                          	popq	%rbp
100001c38: c3                          	retq
100001c39: 0f 1f 80 00 00 00 00        	nopl	(%rax)

0000000100001c40 auto and_<App<int A::*, Id<int> >, App<int A::*, int> >(App<int A::*, Id<int> > const&, App<int A::*, int> const&):
100001c40: 55                          	pushq	%rbp
100001c41: 48 89 e5                    	movq	%rsp, %rbp
100001c44: 48 83 ec 10                 	subq	$16, %rsp
100001c48: 48 89 f2                    	movq	%rsi, %rdx
100001c4b: 48 89 fe                    	movq	%rdi, %rsi
100001c4e: 48 8d 7d f0                 	leaq	-16(%rbp), %rdi
100001c52: e8 79 00 00 00              	callq	121 <__ZN3AndIJ3AppIM1Ai2IdIiEES0_IS2_iEEEC1ERKS5_RKS6_>
100001c57: 48 8b 45 f0                 	movq	-16(%rbp), %rax
100001c5b: 48 8b 55 f8                 	movq	-8(%rbp), %rdx
100001c5f: 48 83 c4 10                 	addq	$16, %rsp
100001c63: 5d                          	popq	%rbp
100001c64: c3                          	retq
100001c65: 66 2e 0f 1f 84 00 00 00 00 00       	nopw	%cs:(%rax,%rax)
100001c6f: 90                          	nop

0000000100001c70 auto app<int A::*, Id<int> >(int A::* const&, Id<int> const&):
100001c70: 55                          	pushq	%rbp
100001c71: 48 89 e5                    	movq	%rsp, %rbp
100001c74: 48 83 ec 10                 	subq	$16, %rsp
100001c78: 48 89 f2                    	movq	%rsi, %rdx
100001c7b: 48 89 fe                    	movq	%rdi, %rsi
100001c7e: 48 8d 7d f0                 	leaq	-16(%rbp), %rdi
100001c82: e8 19 01 00 00              	callq	281 <__ZN3AppIM1Ai2IdIiEEC1ERKS1_RKS3_>
100001c87: 48 8b 45 f0                 	movq	-16(%rbp), %rax
100001c8b: 48 8b 55 f8                 	movq	-8(%rbp), %rdx
100001c8f: 48 83 c4 10                 	addq	$16, %rsp
100001c93: 5d                          	popq	%rbp
100001c94: c3                          	retq
100001c95: 66 2e 0f 1f 84 00 00 00 00 00       	nopw	%cs:(%rax,%rax)
100001c9f: 90                          	nop

0000000100001ca0 auto app<int A::*, int>(int A::* const&, int const&):
100001ca0: 55                          	pushq	%rbp
100001ca1: 48 89 e5                    	movq	%rsp, %rbp
100001ca4: 48 83 ec 10                 	subq	$16, %rsp
100001ca8: 48 89 f2                    	movq	%rsi, %rdx
100001cab: 48 89 fe                    	movq	%rdi, %rsi
100001cae: 48 8d 7d f0                 	leaq	-16(%rbp), %rdi
100001cb2: e8 09 01 00 00              	callq	265 <__ZN3AppIM1AiiEC1ERKS1_RKi>
100001cb7: 48 8b 45 f0                 	movq	-16(%rbp), %rax
100001cbb: 48 8b 55 f8                 	movq	-8(%rbp), %rdx
100001cbf: 48 83 c4 10                 	addq	$16, %rsp
100001cc3: 5d                          	popq	%rbp
100001cc4: c3                          	retq
100001cc5: 66 2e 0f 1f 84 00 00 00 00 00       	nopw	%cs:(%rax,%rax)
100001ccf: 90                          	nop

0000000100001cd0 And<App<int A::*, Id<int> >, App<int A::*, int> >::And(App<int A::*, Id<int> > const&, App<int A::*, int> const&):
100001cd0: 55                          	pushq	%rbp
100001cd1: 48 89 e5                    	movq	%rsp, %rbp
100001cd4: 5d                          	popq	%rbp
100001cd5: e9 06 00 00 00              	jmp	6 <__ZN3AndIJ3AppIM1Ai2IdIiEES0_IS2_iEEEC2ERKS5_RKS6_>
100001cda: 66 0f 1f 44 00 00           	nopw	(%rax,%rax)

0000000100001ce0 And<App<int A::*, Id<int> >, App<int A::*, int> >::And(App<int A::*, Id<int> > const&, App<int A::*, int> const&):
100001ce0: 55                          	pushq	%rbp
100001ce1: 48 89 e5                    	movq	%rsp, %rbp
100001ce4: 5d                          	popq	%rbp
100001ce5: e9 06 00 00 00              	jmp	6 <__ZNSt3__15tupleIJRK3AppIM1Ai2IdIiEERKS1_IS3_iEEEC1ILb1ELb0EEES8_SB_>
100001cea: 66 0f 1f 44 00 00           	nopw	(%rax,%rax)

0000000100001cf0 std::__1::tuple<App<int A::*, Id<int> > const&, App<int A::*, int> const&>::tuple<true, false>(App<int A::*, Id<int> > const&, App<int A::*, int> const&):
100001cf0: 55                          	pushq	%rbp
100001cf1: 48 89 e5                    	movq	%rsp, %rbp
100001cf4: 5d                          	popq	%rbp
100001cf5: e9 06 00 00 00              	jmp	6 <__ZNSt3__15tupleIJRK3AppIM1Ai2IdIiEERKS1_IS3_iEEEC2ILb1ELb0EEES8_SB_>
100001cfa: 66 0f 1f 44 00 00           	nopw	(%rax,%rax)

0000000100001d00 std::__1::tuple<App<int A::*, Id<int> > const&, App<int A::*, int> const&>::tuple<true, false>(App<int A::*, Id<int> > const&, App<int A::*, int> const&):
100001d00: 55                          	pushq	%rbp
100001d01: 48 89 e5                    	movq	%rsp, %rbp
100001d04: 5d                          	popq	%rbp
100001d05: e9 06 00 00 00              	jmp	6 <__ZNSt3__112__tuple_implINS_15__tuple_indicesIJLm0ELm1EEEEJRK3AppIM1Ai2IdIiEERKS3_IS5_iEEEC1IJLm0ELm1EEJSA_SD_EJEJEJSA_SD_EEENS1_IJXspT_EEEENS_13__tuple_typesIJDpT0_EEENS1_IJXspT1_EEEENSH_IJDpT2_EEEDpOT3_>
100001d0a: 66 0f 1f 44 00 00           	nopw	(%rax,%rax)

0000000100001d10 std::__1::__tuple_impl<std::__1::__tuple_indices<0ul, 1ul>, App<int A::*, Id<int> > const&, App<int A::*, int> const&>::__tuple_impl<0ul, 1ul, App<int A::*, Id<int> > const&, App<int A::*, int> const&, App<int A::*, Id<int> > const&, App<int A::*, int> const&>(std::__1::__tuple_indices<0ul, 1ul>, std::__1::__tuple_types<App<int A::*, Id<int> > const&, App<int A::*, int> const&>, std::__1::__tuple_indices<>, std::__1::__tuple_types<>, App<int A::*, Id<int> > const&, App<int A::*, int> const&):
100001d10: 55                          	pushq	%rbp
100001d11: 48 89 e5                    	movq	%rsp, %rbp
100001d14: 5d                          	popq	%rbp
100001d15: e9 06 00 00 00              	jmp	6 <__ZNSt3__112__tuple_implINS_15__tuple_indicesIJLm0ELm1EEEEJRK3AppIM1Ai2IdIiEERKS3_IS5_iEEEC2IJLm0ELm1EEJSA_SD_EJEJEJSA_SD_EEENS1_IJXspT_EEEENS_13__tuple_typesIJDpT0_EEENS1_IJXspT1_EEEENSH_IJDpT2_EEEDpOT3_>
100001d1a: 66 0f 1f 44 00 00           	nopw	(%rax,%rax)

0000000100001d20 std::__1::__tuple_impl<std::__1::__tuple_indices<0ul, 1ul>, App<int A::*, Id<int> > const&, App<int A::*, int> const&>::__tuple_impl<0ul, 1ul, App<int A::*, Id<int> > const&, App<int A::*, int> const&, App<int A::*, Id<int> > const&, App<int A::*, int> const&>(std::__1::__tuple_indices<0ul, 1ul>, std::__1::__tuple_types<App<int A::*, Id<int> > const&, App<int A::*, int> const&>, std::__1::__tuple_indices<>, std::__1::__tuple_types<>, App<int A::*, Id<int> > const&, App<int A::*, int> const&):
100001d20: 55                          	pushq	%rbp
100001d21: 48 89 e5                    	movq	%rsp, %rbp
100001d24: 41 56                       	pushq	%r14
100001d26: 53                          	pushq	%rbx
100001d27: 49 89 d6                    	movq	%rdx, %r14
100001d2a: 48 89 fb                    	movq	%rdi, %rbx
100001d2d: 48 89 f7                    	movq	%rsi, %rdi
100001d30: e8 5b fa ff ff              	callq	-1445 <__ZNSt3__1L7forwardIRK3AppIM1Ai2IdIiEEEEOT_RNS_16remove_referenceIS9_E4typeE>
100001d35: 48 89 df                    	movq	%rbx, %rdi
100001d38: 48 89 c6                    	movq	%rax, %rsi
100001d3b: e8 20 00 00 00              	callq	32 <__ZNSt3__112__tuple_leafILm0ERK3AppIM1Ai2IdIiEELb0EEC2IS8_vEEOT_>
100001d40: 48 83 c3 08                 	addq	$8, %rbx
100001d44: 4c 89 f7                    	movq	%r14, %rdi
100001d47: e8 54 fa ff ff              	callq	-1452 <__ZNSt3__1L7forwardIRK3AppIM1AiiEEEOT_RNS_16remove_referenceIS7_E4typeE>
100001d4c: 48 89 df                    	movq	%rbx, %rdi
100001d4f: 48 89 c6                    	movq	%rax, %rsi
100001d52: 5b                          	popq	%rbx
100001d53: 41 5e                       	popq	%r14
100001d55: 5d                          	popq	%rbp
100001d56: e9 25 00 00 00              	jmp	37 <__ZNSt3__112__tuple_leafILm1ERK3AppIM1AiiELb0EEC2IS6_vEEOT_>
100001d5b: 0f 1f 44 00 00              	nopl	(%rax,%rax)

0000000100001d60 std::__1::__tuple_leaf<0ul, App<int A::*, Id<int> > const&, false>::__tuple_leaf<App<int A::*, Id<int> > const&, void>(App<int A::*, Id<int> > const&):
100001d60: 55                          	pushq	%rbp
100001d61: 48 89 e5                    	movq	%rsp, %rbp
100001d64: 53                          	pushq	%rbx
100001d65: 50                          	pushq	%rax
100001d66: 48 89 fb                    	movq	%rdi, %rbx
100001d69: 48 89 f7                    	movq	%rsi, %rdi
100001d6c: e8 1f fa ff ff              	callq	-1505 <__ZNSt3__1L7forwardIRK3AppIM1Ai2IdIiEEEEOT_RNS_16remove_referenceIS9_E4typeE>
100001d71: 48 89 03                    	movq	%rax, (%rbx)
100001d74: 48 83 c4 08                 	addq	$8, %rsp
100001d78: 5b                          	popq	%rbx
100001d79: 5d                          	popq	%rbp
100001d7a: c3                          	retq
100001d7b: 0f 1f 44 00 00              	nopl	(%rax,%rax)

0000000100001d80 std::__1::__tuple_leaf<1ul, App<int A::*, int> const&, false>::__tuple_leaf<App<int A::*, int> const&, void>(App<int A::*, int> const&):
100001d80: 55                          	pushq	%rbp
100001d81: 48 89 e5                    	movq	%rsp, %rbp
100001d84: 53                          	pushq	%rbx
100001d85: 50                          	pushq	%rax
100001d86: 48 89 fb                    	movq	%rdi, %rbx
100001d89: 48 89 f7                    	movq	%rsi, %rdi
100001d8c: e8 0f fa ff ff              	callq	-1521 <__ZNSt3__1L7forwardIRK3AppIM1AiiEEEOT_RNS_16remove_referenceIS7_E4typeE>
100001d91: 48 89 03                    	movq	%rax, (%rbx)
100001d94: 48 83 c4 08                 	addq	$8, %rsp
100001d98: 5b                          	popq	%rbx
100001d99: 5d                          	popq	%rbp
100001d9a: c3                          	retq
100001d9b: 0f 1f 44 00 00              	nopl	(%rax,%rax)

0000000100001da0 App<int A::*, Id<int> >::App(int A::* const&, Id<int> const&):
100001da0: 55                          	pushq	%rbp
100001da1: 48 89 e5                    	movq	%rsp, %rbp
100001da4: 5d                          	popq	%rbp
100001da5: e9 06 00 00 00              	jmp	6 <__ZN3AppIM1Ai2IdIiEEC2ERKS1_RKS3_>
100001daa: 66 0f 1f 44 00 00           	nopw	(%rax,%rax)

0000000100001db0 App<int A::*, Id<int> >::App(int A::* const&, Id<int> const&):
100001db0: 55                          	pushq	%rbp
100001db1: 48 89 e5                    	movq	%rsp, %rbp
100001db4: 48 89 37                    	movq	%rsi, (%rdi)
100001db7: 48 89 57 08                 	movq	%rdx, 8(%rdi)
100001dbb: 5d                          	popq	%rbp
100001dbc: c3                          	retq
100001dbd: 0f 1f 00                    	nopl	(%rax)

0000000100001dc0 App<int A::*, int>::App(int A::* const&, int const&):
100001dc0: 55                          	pushq	%rbp
100001dc1: 48 89 e5                    	movq	%rsp, %rbp
100001dc4: 5d                          	popq	%rbp
100001dc5: e9 06 00 00 00              	jmp	6 <__ZN3AppIM1AiiEC2ERKS1_RKi>
100001dca: 66 0f 1f 44 00 00           	nopw	(%rax,%rax)

0000000100001dd0 App<int A::*, int>::App(int A::* const&, int const&):
100001dd0: 55                          	pushq	%rbp
100001dd1: 48 89 e5                    	movq	%rsp, %rbp
100001dd4: 48 89 37                    	movq	%rsi, (%rdi)
100001dd7: 48 89 57 08                 	movq	%rdx, 8(%rdi)
100001ddb: 5d                          	popq	%rbp
100001ddc: c3                          	retq
100001ddd: 0f 1f 00                    	nopl	(%rax)

0000000100001de0 PatternPair<And<App<int A::*, Id<int> >, App<int A::*, int> >, test3()::$_0::operator()(A const&) const::'lambda'(auto&&)>::PatternPair(And<App<int A::*, Id<int> >, App<int A::*, int> > const&, test3()::$_0::operator()(A const&) const::'lambda'(auto&&) const&):
100001de0: 55                          	pushq	%rbp
100001de1: 48 89 e5                    	movq	%rsp, %rbp
100001de4: 5d                          	popq	%rbp
100001de5: e9 06 00 00 00              	jmp	6 <__ZN11PatternPairI3AndIJ3AppIM1Ai2IdIiEES1_IS3_iEEEZZ5test3vENK3$_0clERKS2_EUlOT_E_EC2ERKS8_RKSE_>
100001dea: 66 0f 1f 44 00 00           	nopw	(%rax,%rax)

0000000100001df0 PatternPair<And<App<int A::*, Id<int> >, App<int A::*, int> >, test3()::$_0::operator()(A const&) const::'lambda'(auto&&)>::PatternPair(And<App<int A::*, Id<int> >, App<int A::*, int> > const&, test3()::$_0::operator()(A const&) const::'lambda'(auto&&) const&):
100001df0: 55                          	pushq	%rbp
100001df1: 48 89 e5                    	movq	%rsp, %rbp
100001df4: 48 89 37                    	movq	%rsi, (%rdi)
100001df7: 48 89 57 08                 	movq	%rdx, 8(%rdi)
100001dfb: 5d                          	popq	%rbp
100001dfc: c3                          	retq
100001dfd: 0f 1f 00                    	nopl	(%rax)

0000000100001e00 PatternHelper<WildCard>::PatternHelper(WildCard const&):
100001e00: 55                          	pushq	%rbp
100001e01: 48 89 e5                    	movq	%rsp, %rbp
100001e04: 5d                          	popq	%rbp
100001e05: e9 06 00 00 00              	jmp	6 <__ZN13PatternHelperI8WildCardEC2ERKS0_>
100001e0a: 66 0f 1f 44 00 00           	nopw	(%rax,%rax)

0000000100001e10 PatternHelper<WildCard>::PatternHelper(WildCard const&):
100001e10: 55                          	pushq	%rbp
100001e11: 48 89 e5                    	movq	%rsp, %rbp
100001e14: 48 89 37                    	movq	%rsi, (%rdi)
100001e17: 5d                          	popq	%rbp
100001e18: c3                          	retq
100001e19: 0f 1f 80 00 00 00 00        	nopl	(%rax)

0000000100001e20 PatternPair<WildCard, test3()::$_0::operator()(A const&) const::'lambda0'(auto&&)>::PatternPair(WildCard const&, test3()::$_0::operator()(A const&) const::'lambda0'(auto&&) const&):
100001e20: 55                          	pushq	%rbp
100001e21: 48 89 e5                    	movq	%rsp, %rbp
100001e24: 5d                          	popq	%rbp
100001e25: e9 06 00 00 00              	jmp	6 <__ZN11PatternPairI8WildCardZZ5test3vENK3$_0clERK1AEUlOT_E0_EC2ERKS0_RKS7_>
100001e2a: 66 0f 1f 44 00 00           	nopw	(%rax,%rax)

0000000100001e30 PatternPair<WildCard, test3()::$_0::operator()(A const&) const::'lambda0'(auto&&)>::PatternPair(WildCard const&, test3()::$_0::operator()(A const&) const::'lambda0'(auto&&) const&):
100001e30: 55                          	pushq	%rbp
100001e31: 48 89 e5                    	movq	%rsp, %rbp
100001e34: 48 89 37                    	movq	%rsi, (%rdi)
100001e37: 48 89 57 08                 	movq	%rdx, 8(%rdi)
100001e3b: 5d                          	popq	%rbp
100001e3c: c3                          	retq
100001e3d: 0f 1f 00                    	nopl	(%rax)

0000000100001e40 auto MatchHelper<A>::operator()<PatternPair<And<App<int A::*, Id<int> >, App<int A::*, int> >, test3()::$_0::operator()(A const&) const::'lambda'(auto&&)>, PatternPair<WildCard, test3()::$_0::operator()(A const&) const::'lambda0'(auto&&)> >(PatternPair<And<App<int A::*, Id<int> >, App<int A::*, int> >, test3()::$_0::operator()(A const&) const::'lambda'(auto&&)> const&, PatternPair<WildCard, test3()::$_0::operator()(A const&) const::'lambda0'(auto&&)> const&) (.cold.1):
100001e40: 55                          	pushq	%rbp
100001e41: 48 89 e5                    	movq	%rsp, %rbp
100001e44: 48 8d 3d 7a 00 00 00        	leaq	122(%rip), %rdi
100001e4b: 48 8d 35 7e 00 00 00        	leaq	126(%rip), %rsi
100001e52: 48 8d 0d 80 00 00 00        	leaq	128(%rip), %rcx
100001e59: 6a 25                       	pushq	$37
100001e5b: 5a                          	popq	%rdx
100001e5c: e8 33 00 00 00              	callq	51 <dyld_stub_binder+0x100001e94>
100001e61: 66 2e 0f 1f 84 00 00 00 00 00       	nopw	%cs:(%rax,%rax)
100001e6b: 0f 1f 44 00 00              	nopl	(%rax,%rax)

0000000100001e70 Id<int>::value() const (.cold.1):
100001e70: 55                          	pushq	%rbp
100001e71: 48 89 e5                    	movq	%rsp, %rbp
100001e74: 48 8d 3d 66 00 00 00        	leaq	102(%rip), %rdi
100001e7b: 48 8d 35 65 00 00 00        	leaq	101(%rip), %rsi
100001e82: 48 8d 0d 6b 00 00 00        	leaq	107(%rip), %rcx
100001e89: ba 3d 01 00 00              	movl	$317, %edx
100001e8e: e8 01 00 00 00              	callq	1 <dyld_stub_binder+0x100001e94>

Disassembly of section __TEXT,__stubs:

0000000100001e94 __stubs:
100001e94: ff 25 66 11 00 00           	jmpq	*4454(%rip)
100001e9a: ff 25 68 11 00 00           	jmpq	*4456(%rip)

Disassembly of section __TEXT,__stub_helper:

0000000100001ea0 __stub_helper:
100001ea0: 4c 8d 1d 69 11 00 00        	leaq	4457(%rip), %r11
100001ea7: 41 53                       	pushq	%r11
100001ea9: ff 25 51 01 00 00           	jmpq	*337(%rip)
100001eaf: 90                          	nop
100001eb0: 68 00 00 00 00              	pushq	$0
100001eb5: e9 e6 ff ff ff              	jmp	-26 <__stub_helper>
100001eba: 68 14 00 00 00              	pushq	$20
100001ebf: e9 dc ff ff ff              	jmp	-36 <__stub_helper>
